<?xml version="1.0" encoding="utf-8"?>
<shfbBuild product="Sandcastle Help File Builder and Tools" version="2017.5.15.0" projectFile="C:\Users\Doug\Documents\Visual Studio 2017\Projects\OnePointRT\OnePoint.Documentation\OnePoint.Documentation.shfbproj" started="04/12/2017 15:05:37">
<buildStep step="Initializing">
Finding tools...
The Sandcastle tools are located in &#39;C:\Program Files (x86)\EWSoftware\Sandcastle Help File Builder\&#39;
Locating components in the following folder(s):
    C:\Users\Doug\Documents\Visual Studio 2017\Projects\OnePointRT\OnePoint.Documentation
    C:\ProgramData\EWSoftware\Sandcastle Help File Builder\Components and Plug-Ins\
    C:\Program Files (x86)\EWSoftware\Sandcastle Help File Builder\
Using framework reflection data for &#39;.NET Framework 4.7&#39; located in &#39;C:\Program Files (x86)\EWSoftware\Sandcastle Help File Builder\Data\.NETFramework&#39;
Using presentation style &#39;Markdown&#39; located in &#39;C:\Program Files (x86)\EWSoftware\Sandcastle Help File Builder\PresentationStyles\Markdown&#39;
-------------------------------
Clearing any prior web/markdown output...
</buildStep>
<buildStep step="ValidatingDocumentationSources">
Validating and copying documentation source information
Source: C:\Users\Doug\Documents\Visual Studio 2017\Projects\OnePointRT\OnePoint.Interview\bin\Debug\OnePoint.Interview.xml
Source: C:\Users\Doug\Documents\Visual Studio 2017\Projects\OnePointRT\OnePoint.Interview\bin\Debug\OnePoint.Interview.dll
    Found assembly &#39;C:\Users\Doug\Documents\Visual Studio 2017\Projects\OnePointRT\OnePoint.Interview\bin\Debug\OnePoint.Interview.dll&#39;
Source: C:\Users\Doug\Documents\Visual Studio 2017\Projects\OnePointRT\OnePoint.Interview\OnePoint.Interview.csproj
    Found project &#39;C:\Users\Doug\Documents\Visual Studio 2017\Projects\OnePointRT\OnePoint.Interview\OnePoint.Interview.csproj&#39;

Parsing project files
    Ignoring duplicate assembly file &#39;C:\Users\Doug\Documents\Visual Studio 2017\Projects\OnePointRT\OnePoint.Interview\bin\Debug\OnePoint.Interview.dll&#39;
    Ignoring duplicate comments file &#39;C:\Users\Doug\Documents\Visual Studio 2017\Projects\OnePointRT\OnePoint.Interview\bin\Debug\OnePoint.Interview.xml&#39;
SHFB: Warning BE0007: A project with a different or higher framework version was found.  Changing project FrameworkVersion property from &#39;.NET Framework 4.7&#39; to &#39;.NET Framework 4.6.2&#39; for the build.

References to include (excluding framework assemblies):
    None

Copying XML comments files
    C:\Users\Doug\Documents\Visual Studio 2017\Projects\OnePointRT\OnePoint.Interview\bin\Debug\OnePoint.Interview.xml -&gt; C:\Users\Doug\Documents\Visual Studio 2017\Projects\OnePointRT\OnePoint.Documentation\Help\Working\OnePoint.Interview.xml
</buildStep>
<buildStep step="GenerateSharedContent">
Generating shared content files (en-US, English (United States))...
    Last step completed in 00:00:00.0090
</buildStep>
<buildStep step="GenerateApiFilter">
Generating API filter for MRefBuilder...
    Last step completed in 00:00:00.0040
</buildStep>
<buildStep step="GenerateReflectionInfo">
Generating reflection information...
[C:\Program Files (x86)\Microsoft Visual Studio\2017\Community\MSBuild\15.0\Bin\MSBuild.exe - GenerateRefInfo.proj]
Build started 04/12/2017 15:05:38.
Project &quot;C:\Users\Doug\Documents\Visual Studio 2017\Projects\OnePointRT\OnePoint.Documentation\Help\Working\GenerateRefInfo.proj&quot; on node 1 (default targets).
PrepareForBuild:
  Creating directory &quot;obj\Debug\&quot;.
GenerateRefInfo:
  MRefBuilder (v2017.5.15.0)
  Copyright &#184; 2006-2017, Microsoft Corporation, All Rights Reserved.
  Portions Copyright &#184; 2006-2016, Eric Woodruff, All Rights Reserved.
  Found a current program database (PDB) file for &#39;C:\Users\Doug\Documents\Visual Studio 2017\Projects\OnePointRT\OnePoint.Interview\bin\Debug\OnePoint.Interview.dll&#39;.
  Loaded 1 assemblies for reflection and 1 dependency assemblies.
  Source code location not found for OnePoint.Interview.Alignments
  Source code location not found for OnePoint.Interview.AudioControlPositions
  Source code location not found for OnePoint.Interview.BorderStyles
  Source code location not found for OnePoint.Interview.CacheRestoreStatus
  Source code location not found for OnePoint.Interview.CategoryAttributes
  Source code location not found for OnePoint.Interview.CategoryFilterConstants
  Source code location not found for OnePoint.Interview.CategoryFlagConstants
  Source code location not found for OnePoint.Interview.CategoryStyleTypes
  Source code location not found for OnePoint.Interview.CategoryTypes
  Source code location not found for OnePoint.Interview.ContextUsageConstants
  Source code location not found for OnePoint.Interview.ControlTypes
  Source code location not found for OnePoint.Interview.CursorTypes
  Source code location not found for OnePoint.Interview.DataTypeConstants
  Source code location not found for OnePoint.Interview.ElementAlignments
  Source code location not found for OnePoint.Interview.ElementTypeConstants
  Source code location not found for OnePoint.Interview.ExObjectTypeConstants
  Source code location not found for OnePoint.Interview.FontEffects
  Source code location not found for OnePoint.Interview.GlobalQuestionPositions
  Source code location not found for OnePoint.Interview.GridStyleTypes
  Source code location not found for OnePoint.Interview.IAudioStyle
  Source code location not found for OnePoint.Interview.ICache
  Source code location not found for OnePoint.Interview.ICategories
  Source code location not found for OnePoint.Interview.ICategory
  Source code location not found for OnePoint.Interview.ICategoryStyle
  Source code location not found for OnePoint.Interview.ICategoryStyles
  Source code location not found for OnePoint.Interview.ICellStyle
  Source code location not found for OnePoint.Interview.IControlStyle
  Source code location not found for OnePoint.Interview.IDefaultStyles
  Source code location not found for OnePoint.Interview.IFontStyle
  Source code location not found for OnePoint.Interview.IInterview
  Source code location not found for OnePoint.Interview.IInterviewInfo
  Source code location not found for OnePoint.Interview.IInterviewSampleField
  Source code location not found for OnePoint.Interview.IInterviewSampleRecord
  Source code location not found for OnePoint.Interview.ILabel
  Source code location not found for OnePoint.Interview.ILabelInsert
  Source code location not found for OnePoint.Interview.ILabelInserts
  Source code location not found for OnePoint.Interview.ILabels
  Source code location not found for OnePoint.Interview.ImagePositions
  Source code location not found for OnePoint.Interview.IMediaStyle
  Source code location not found for OnePoint.Interview.INavigation
  Source code location not found for OnePoint.Interview.INavigations
  Source code location not found for OnePoint.Interview.INextPage
  Source code location not found for OnePoint.Interview.INotes
  Source code location not found for OnePoint.Interview.InterviewAction
  Source code location not found for OnePoint.Interview.InterviewContext
  Source code location not found for OnePoint.Interview.InterviewModes
  Source code location not found for OnePoint.Interview.InterviewModesConstants
  Source code location not found for OnePoint.Interview.InterviewState
  Source code location not found for OnePoint.Interview.InterviewStatus
  Source code location not found for OnePoint.Interview.IObjects
  Source code location not found for OnePoint.Interview.IOutputContext
  Source code location not found for OnePoint.Interview.IProperties
  Source code location not found for OnePoint.Interview.IProperty
  Source code location not found for OnePoint.Interview.IQuestion
  Source code location not found for OnePoint.Interview.IQuestionInfo
  Source code location not found for OnePoint.Interview.IQuestions
  Source code location not found for OnePoint.Interview.IQuestionStyle
  Source code location not found for OnePoint.Interview.IQuestionStyles
  Source code location not found for OnePoint.Interview.IQuota
  Source code location not found for OnePoint.Interview.IQuotaEngine
  Source code location not found for OnePoint.Interview.IQuotas
  Source code location not found for OnePoint.Interview.IResponse
  Source code location not found for OnePoint.Interview.IResponses
  Source code location not found for OnePoint.Interview.ISavePoint
  Source code location not found for OnePoint.Interview.ISavePoints
  Source code location not found for OnePoint.Interview.ISliderStyle
  Source code location not found for OnePoint.Interview.IStandardTexts
  Source code location not found for OnePoint.Interview.IStyle
  Source code location not found for OnePoint.Interview.IStyles
  Source code location not found for OnePoint.Interview.ITemplates
  Source code location not found for OnePoint.Interview.IteratorTypeConstants
  Source code location not found for OnePoint.Interview.IValidateOption
  Source code location not found for OnePoint.Interview.IValidation
  Source code location not found for OnePoint.Interview.IValue
  Source code location not found for OnePoint.Interview.IValueAttribute
  Source code location not found for OnePoint.Interview.LabelStyleTypes
  Source code location not found for OnePoint.Interview.LanguageConstants
  Source code location not found for OnePoint.Interview.LogLevels
  Source code location not found for OnePoint.Interview.MediaTypes
  Source code location not found for OnePoint.Interview.NavigationTypes
  Source code location not found for OnePoint.Interview.ObjectTypesConstants
  Source code location not found for OnePoint.Interview.OffPathDataModes
  Source code location not found for OnePoint.Interview.OpenConstants
  Source code location not found for OnePoint.Interview.OrderConstants
  Source code location not found for OnePoint.Interview.OrientationConstants
  Source code location not found for OnePoint.Interview.Orientations
  Source code location not found for OnePoint.Interview.QuestionStyleTypes
  Source code location not found for OnePoint.Interview.QuestionTypes
  Source code location not found for OnePoint.Interview.RecordModes
  Source code location not found for OnePoint.Interview.RoutingItemsFlags
  Source code location not found for OnePoint.Interview.RoutingScriptOptions
  Source code location not found for OnePoint.Interview.RoutingTypeConstants
  Source code location not found for OnePoint.Interview.Signals
  Source code location not found for OnePoint.Interview.SliderStyles
  Source code location not found for OnePoint.Interview.SourceTypeConstants
  Source code location not found for OnePoint.Interview.TerminateStatus
  Source code location not found for OnePoint.Interview.ValidatedActions
  Source code location not found for OnePoint.Interview.VarUseConst
  Source code location not found for OnePoint.Interview.VerticalAlignments
  Wrote information on 1 namespaces, 99 types, and 898 members
  Copying file from &quot;reflection.org&quot; to &quot;reflection.all&quot;.
  XslTransform (v2017.5.15.0)
  Copyright &#184; 2006-2017, Microsoft Corporation, All Rights Reserved.
  Portions Copyright &#184; 2006-2016, Eric Woodruff, All Rights Reserved.
  Applying XSL transformation &#39;C:\Program Files (x86)\EWSoftware\Sandcastle Help File Builder\ProductionTransforms\MergeDuplicates.xsl&#39;.
Done Building Project &quot;C:\Users\Doug\Documents\Visual Studio 2017\Projects\OnePointRT\OnePoint.Documentation\Help\Working\GenerateRefInfo.proj&quot; (default targets).
    Last step completed in 00:00:01.2389
</buildStep>
<buildStep step="TransformReflectionInfo">
Transforming reflection output...
[C:\Program Files (x86)\Microsoft Visual Studio\2017\Community\MSBuild\15.0\Bin\MSBuild.exe - TransformManifest.proj]
Build started 04/12/2017 15:05:40.
Project &quot;C:\Users\Doug\Documents\Visual Studio 2017\Projects\OnePointRT\OnePoint.Documentation\Help\Working\TransformManifest.proj&quot; on node 1 (default targets).
TransformManifest:
  XslTransform (v2017.5.15.0)
  Copyright &#184; 2006-2017, Microsoft Corporation, All Rights Reserved.
  Portions Copyright &#184; 2006-2016, Eric Woodruff, All Rights Reserved.
  Applying XSL transformation &#39;C:\Program Files (x86)\EWSoftware\Sandcastle Help File Builder\\ProductionTransforms\ApplyVSDocModel.xsl&#39;.
  Copying file from &quot;reflection.xml&quot; to &quot;reflection.nofilenames&quot;.
  XslTransform (v2017.5.15.0)
  Copyright &#184; 2006-2017, Microsoft Corporation, All Rights Reserved.
  Portions Copyright &#184; 2006-2016, Eric Woodruff, All Rights Reserved.
  Applying XSL transformation &#39;C:\Program Files (x86)\EWSoftware\Sandcastle Help File Builder\ProductionTransforms\AddFilenames.xsl&#39;.
    Unique name P_OnePoint_Interview_ICategories_Item_1 generated for P:OnePoint.Interview.ICategories.Item(System.Int32)
    Unique name P_OnePoint_Interview_ICategoryStyles_Item_1 generated for P:OnePoint.Interview.ICategoryStyles.Item(System.Int32)
    Unique name M_OnePoint_Interview_IInterviewSampleRecord_Add_1 generated for M:OnePoint.Interview.IInterviewSampleRecord.Add(System.String,OnePoint.Interview.IInterviewSampleField,System.Int32)
    Unique name M_OnePoint_Interview_IInterviewSampleRecord_Remove_1 generated for M:OnePoint.Interview.IInterviewSampleRecord.Remove(System.String)
    Unique name M_OnePoint_Interview_ILabelInserts_Add_1 generated for M:OnePoint.Interview.ILabelInserts.Add(System.String,OnePoint.Interview.ILabelInsert,System.Int32)
    Unique name P_OnePoint_Interview_ILabelInserts_Item_1 generated for P:OnePoint.Interview.ILabelInserts.Item(System.String)
    Unique name M_OnePoint_Interview_ILabels_Add_1 generated for M:OnePoint.Interview.ILabels.Add(System.String,OnePoint.Interview.ILabel,System.Int32)
    Unique name P_OnePoint_Interview_ILabels_Item_1 generated for P:OnePoint.Interview.ILabels.Item(System.String)
    Unique name M_OnePoint_Interview_ILabels_Remove_1 generated for M:OnePoint.Interview.ILabels.Remove(System.String)
    Unique name M_OnePoint_Interview_INavigations_Add_1 generated for M:OnePoint.Interview.INavigations.Add(OnePoint.Interview.NavigationTypes)
    Unique name P_OnePoint_Interview_INavigations_Item_1 generated for P:OnePoint.Interview.INavigations.Item(System.Int32)
    Unique name M_OnePoint_Interview_IObjects_Add_1 generated for M:OnePoint.Interview.IObjects.Add(System.String,System.Object,System.Int32)
    Unique name M_OnePoint_Interview_IObjects_Remove_1 generated for M:OnePoint.Interview.IObjects.Remove(System.String)
    Unique name M_OnePoint_Interview_IProperties_Add_1 generated for M:OnePoint.Interview.IProperties.Add(System.String,OnePoint.Interview.IProperty)
    Unique name M_OnePoint_Interview_IProperties_Add_2 generated for M:OnePoint.Interview.IProperties.Add(System.String,OnePoint.Interview.IProperty,System.Int32)
    Unique name M_OnePoint_Interview_IQuestions_Add_1 generated for M:OnePoint.Interview.IQuestions.Add(System.String,OnePoint.Interview.IQuestion,System.Int32)
    Unique name P_OnePoint_Interview_IQuestions_Item_1 generated for P:OnePoint.Interview.IQuestions.Item(System.String)
    Unique name M_OnePoint_Interview_IQuestionStyles_Add_1 generated for M:OnePoint.Interview.IQuestionStyles.Add(System.Int32,OnePoint.Interview.IQuestionStyle,System.Int32)
    Unique name P_OnePoint_Interview_IQuestionStyles_Item_1 generated for P:OnePoint.Interview.IQuestionStyles.Item(System.Object)
    Unique name P_OnePoint_Interview_ISavePoints_Item_1 generated for P:OnePoint.Interview.ISavePoints.Item(System.String)
    Unique name P_OnePoint_Interview_IStyles_Item_1 generated for P:OnePoint.Interview.IStyles.Item(System.Int32)
  XslTransform (v2017.5.15.0)
  Copyright &#184; 2006-2017, Microsoft Corporation, All Rights Reserved.
  Portions Copyright &#184; 2006-2016, Eric Woodruff, All Rights Reserved.
  Applying XSL transformation &#39;C:\Program Files (x86)\EWSoftware\Sandcastle Help File Builder\ProductionTransforms\ReflectionToManifest.xsl&#39;.
Done Building Project &quot;C:\Users\Doug\Documents\Visual Studio 2017\Projects\OnePointRT\OnePoint.Documentation\Help\Working\TransformManifest.proj&quot; (default targets).
    Last step completed in 00:00:00.8293
</buildStep>
<buildStep step="GenerateNamespaceSummaries">
Generating namespace summary information...
    Last step completed in 00:00:00.0405
</buildStep>
<buildStep step="CopyConceptualContent">
Copying conceptual content...
Copying standard token shared content file...
Checking for other token files...
Checking for code snippets files...
Copying images and creating the media map file...
Generating conceptual topic files
    Parsing topic file &#39;C:\Users\Doug\Documents\Visual Studio 2017\Projects\OnePointRT\OnePoint.Documentation\Content\Welcome.aml&#39;
    C:\Users\Doug\Documents\Visual Studio 2017\Projects\OnePointRT\OnePoint.Documentation\Content\Welcome.aml -&gt; C:\Users\Doug\Documents\Visual Studio 2017\Projects\OnePointRT\OnePoint.Documentation\Help\Working\ddueXml\8f0153d6-c603-44b7-8868-0211301d2f9c.xml
    Parsing topic file &#39;C:\Users\Doug\Documents\Visual Studio 2017\Projects\OnePointRT\OnePoint.Documentation\Content\VersionHistory\VersionHistory.aml&#39;
    C:\Users\Doug\Documents\Visual Studio 2017\Projects\OnePointRT\OnePoint.Documentation\Content\VersionHistory\VersionHistory.aml -&gt; C:\Users\Doug\Documents\Visual Studio 2017\Projects\OnePointRT\OnePoint.Documentation\Help\Working\ddueXml\fd72bffc-a51e-449c-822f-401f91189825.xml
    Parsing topic file &#39;C:\Users\Doug\Documents\Visual Studio 2017\Projects\OnePointRT\OnePoint.Documentation\Content\VersionHistory\v1.0.0.0.aml&#39;
    C:\Users\Doug\Documents\Visual Studio 2017\Projects\OnePointRT\OnePoint.Documentation\Content\VersionHistory\v1.0.0.0.aml -&gt; C:\Users\Doug\Documents\Visual Studio 2017\Projects\OnePointRT\OnePoint.Documentation\Help\Working\ddueXml\6f58840f-b201-4b64-8cde-d41f36caefe0.xml
    Last step completed in 00:00:00.0680
</buildStep>
<buildStep step="CreateConceptualTopicConfigs">
Creating conceptual topic configuration files...
    Companion files
    _ContentMetadata_.xml
    Merging topic IDs into manifest.xml
    Last step completed in 00:00:00.0390
</buildStep>
<buildStep step="CopyAdditionalContent">
Copying additional content files...
C:\Users\Doug\Documents\Visual Studio 2017\Projects\OnePointRT\OnePoint.Documentation\icons\Help.png -&gt; C:\Users\Doug\Documents\Visual Studio 2017\Projects\OnePointRT\OnePoint.Documentation\Help\Working\Output\Markdown\icons\Help.png
    Last step completed in 00:00:00.0095
</buildStep>
<buildStep step="MergeTablesOfContents">
Merging conceptual and additional tables of contents...
    Last step completed in 00:00:00.0005
</buildStep>
<buildStep step="GenerateIntermediateTableOfContents">
Generating intermediate table of contents file...
[C:\Program Files (x86)\Microsoft Visual Studio\2017\Community\MSBuild\15.0\Bin\MSBuild.exe - GenerateIntermediateTOC.proj]
Build started 04/12/2017 15:05:41.
Project &quot;C:\Users\Doug\Documents\Visual Studio 2017\Projects\OnePointRT\OnePoint.Documentation\Help\Working\GenerateIntermediateTOC.proj&quot; on node 1 (default targets).
GenerateIntermediateTOC:
  XslTransform (v2017.5.15.0)
  Copyright &#184; 2006-2017, Microsoft Corporation, All Rights Reserved.
  Portions Copyright &#184; 2006-2016, Eric Woodruff, All Rights Reserved.
  Applying XSL transformation &#39;C:\Program Files (x86)\EWSoftware\Sandcastle Help File Builder\\ProductionTransforms\CreateVSToc.xsl&#39;.
Done Building Project &quot;C:\Users\Doug\Documents\Visual Studio 2017\Projects\OnePointRT\OnePoint.Documentation\Help\Working\GenerateIntermediateTOC.proj&quot; (default targets).
Generating conceptual content intermediate TOC file...
    Last step completed in 00:00:00.3623
</buildStep>
<buildStep step="CreateBuildAssemblerConfigs">
Creating Sandcastle configuration files...
    sandcastle.config
    Last step completed in 00:00:00.1697
</buildStep>
<buildStep step="MergeCustomConfigs">
Merging custom build component configurations
C:\Users\Doug\Documents\Visual Studio 2017\Projects\OnePointRT\OnePoint.Documentation\Help\Working\sandcastle.config
  Updating reference topic configurations.
  Updating conceptual topic configurations.
    Removing unused ExampleComponent.
    Last step completed in 00:00:00.0075
</buildStep>
<buildStep step="BuildTopics">
Building help topics...
[C:\Program Files (x86)\Microsoft Visual Studio\2017\Community\MSBuild\15.0\Bin\MSBuild.exe - BuildTopics.proj]
Build started 04/12/2017 15:05:41.
Project &quot;C:\Users\Doug\Documents\Visual Studio 2017\Projects\OnePointRT\OnePoint.Documentation\Help\Working\BuildTopics.proj&quot; on node 1 (default targets).
BuildTopics:
  BuildAssembler (v2017.5.15.0)
  Copyright &#184; 2006-2017, Microsoft Corporation, All Rights Reserved.
  Portions Copyright &#184; 2006-2016, Eric Woodruff, All Rights Reserved.
  Loading configuration...
  Processing topics...
BuildAssembler : warning : ShowMissingComponent: [T:OnePoint.Interview.CacheRestoreStatus] Missing &lt;summary&gt; documentation [C:\Users\Doug\Documents\Visual Studio 2017\Projects\OnePointRT\OnePoint.Documentation\Help\Working\BuildTopics.proj]
BuildAssembler : warning : ShowMissingComponent: [T:OnePoint.Interview.CategoryFilterConstants] Missing &lt;summary&gt; documentation [C:\Users\Doug\Documents\Visual Studio 2017\Projects\OnePointRT\OnePoint.Documentation\Help\Working\BuildTopics.proj]
BuildAssembler : warning : ShowMissingComponent: [T:OnePoint.Interview.CategoryFlagConstants] Missing &lt;summary&gt; documentation [C:\Users\Doug\Documents\Visual Studio 2017\Projects\OnePointRT\OnePoint.Documentation\Help\Working\BuildTopics.proj]
BuildAssembler : warning : ShowMissingComponent: [T:OnePoint.Interview.CategoryStyleTypes] Missing &lt;summary&gt; documentation [C:\Users\Doug\Documents\Visual Studio 2017\Projects\OnePointRT\OnePoint.Documentation\Help\Working\BuildTopics.proj]
BuildAssembler : warning : ShowMissingComponent: [T:OnePoint.Interview.CategoryTypes] Missing &lt;summary&gt; documentation [C:\Users\Doug\Documents\Visual Studio 2017\Projects\OnePointRT\OnePoint.Documentation\Help\Working\BuildTopics.proj]
BuildAssembler : warning : ShowMissingComponent: [T:OnePoint.Interview.ContextUsageConstants] Missing &lt;summary&gt; documentation [C:\Users\Doug\Documents\Visual Studio 2017\Projects\OnePointRT\OnePoint.Documentation\Help\Working\BuildTopics.proj]
BuildAssembler : warning : ShowMissingComponent: [T:OnePoint.Interview.CursorTypes] Missing &lt;summary&gt; documentation [C:\Users\Doug\Documents\Visual Studio 2017\Projects\OnePointRT\OnePoint.Documentation\Help\Working\BuildTopics.proj]
BuildAssembler : warning : ShowMissingComponent: [T:OnePoint.Interview.ElementAlignments] Missing &lt;summary&gt; documentation [C:\Users\Doug\Documents\Visual Studio 2017\Projects\OnePointRT\OnePoint.Documentation\Help\Working\BuildTopics.proj]
BuildAssembler : warning : ShowMissingComponent: [T:OnePoint.Interview.ExObjectTypeConstants] Missing &lt;summary&gt; documentation [C:\Users\Doug\Documents\Visual Studio 2017\Projects\OnePointRT\OnePoint.Documentation\Help\Working\BuildTopics.proj]
BuildAssembler : warning : ShowMissingComponent: [T:OnePoint.Interview.GlobalQuestionPositions] Missing &lt;summary&gt; documentation [C:\Users\Doug\Documents\Visual Studio 2017\Projects\OnePointRT\OnePoint.Documentation\Help\Working\BuildTopics.proj]
BuildAssembler : warning : ResolveReferenceLinksComponent: [M:OnePoint.Interview.ICategories.ContainsKey(OnePoint.Core.Enumerator)] Unknown reference link target &#39;T:OnePoint.Core.Enumerator&#39;. [C:\Users\Doug\Documents\Visual Studio 2017\Projects\OnePointRT\OnePoint.Documentation\Help\Working\BuildTopics.proj]
BuildAssembler : warning : ResolveReferenceLinksComponent: [P:OnePoint.Interview.ICategories.Filter] Unknown reference link target &#39;T:OnePoint.Core.Enumerator&#39;. [C:\Users\Doug\Documents\Visual Studio 2017\Projects\OnePointRT\OnePoint.Documentation\Help\Working\BuildTopics.proj]
BuildAssembler : warning : ResolveReferenceLinksComponent: [P:OnePoint.Interview.ICategories.Item(OnePoint.Core.Enumerator)] Unknown reference link target &#39;T:OnePoint.Core.Enumerator&#39;. [C:\Users\Doug\Documents\Visual Studio 2017\Projects\OnePointRT\OnePoint.Documentation\Help\Working\BuildTopics.proj]
BuildAssembler : warning : ResolveReferenceLinksComponent: [P:OnePoint.Interview.ICategories.Items] Unknown reference link target &#39;T:OnePoint.Core.List`1&#39;. [C:\Users\Doug\Documents\Visual Studio 2017\Projects\OnePointRT\OnePoint.Documentation\Help\Working\BuildTopics.proj]
BuildAssembler : warning : ResolveReferenceLinksComponent: [P:OnePoint.Interview.ICategory.Filter] Unknown reference link target &#39;T:OnePoint.Core.Enumerator&#39;. [C:\Users\Doug\Documents\Visual Studio 2017\Projects\OnePointRT\OnePoint.Documentation\Help\Working\BuildTopics.proj]
BuildAssembler : warning : ResolveReferenceLinksComponent: [P:OnePoint.Interview.ICategory.Value] Unknown reference link target &#39;T:OnePoint.Core.Enumerator&#39;. [C:\Users\Doug\Documents\Visual Studio 2017\Projects\OnePointRT\OnePoint.Documentation\Help\Working\BuildTopics.proj]
BuildAssembler : warning : ResolveReferenceLinksComponent: [P:OnePoint.Interview.IInterviewInfo.ElaspedTime] Unknown reference link target &#39;T:OnePoint.Core.DateTime&#39;. [C:\Users\Doug\Documents\Visual Studio 2017\Projects\OnePointRT\OnePoint.Documentation\Help\Working\BuildTopics.proj]
BuildAssembler : warning : ResolveReferenceLinksComponent: [P:OnePoint.Interview.IInterviewInfo.LastAskedTime] Unknown reference link target &#39;T:OnePoint.Core.DateTime&#39;. [C:\Users\Doug\Documents\Visual Studio 2017\Projects\OnePointRT\OnePoint.Documentation\Help\Working\BuildTopics.proj]
BuildAssembler : warning : ResolveReferenceLinksComponent: [P:OnePoint.Interview.IInterviewInfo.ServerTime] Unknown reference link target &#39;T:OnePoint.Core.DateTime&#39;. [C:\Users\Doug\Documents\Visual Studio 2017\Projects\OnePointRT\OnePoint.Documentation\Help\Working\BuildTopics.proj]
BuildAssembler : warning : ResolveReferenceLinksComponent: [P:OnePoint.Interview.IInterviewInfo.StartTime] Unknown reference link target &#39;T:OnePoint.Core.DateTime&#39;. [C:\Users\Doug\Documents\Visual Studio 2017\Projects\OnePointRT\OnePoint.Documentation\Help\Working\BuildTopics.proj]
BuildAssembler : warning : ResolveReferenceLinksComponent: [P:OnePoint.Interview.IInterviewSampleRecord.Items] Unknown reference link target &#39;T:OnePoint.Core.List`1&#39;. [C:\Users\Doug\Documents\Visual Studio 2017\Projects\OnePointRT\OnePoint.Documentation\Help\Working\BuildTopics.proj]
BuildAssembler : warning : ResolveReferenceLinksComponent: [P:OnePoint.Interview.ILabelInserts.Items] Unknown reference link target &#39;T:OnePoint.Core.List`1&#39;. [C:\Users\Doug\Documents\Visual Studio 2017\Projects\OnePointRT\OnePoint.Documentation\Help\Working\BuildTopics.proj]
BuildAssembler : warning : ResolveReferenceLinksComponent: [P:OnePoint.Interview.ILabels.Items] Unknown reference link target &#39;T:OnePoint.Core.List`1&#39;. [C:\Users\Doug\Documents\Visual Studio 2017\Projects\OnePointRT\OnePoint.Documentation\Help\Working\BuildTopics.proj]
BuildAssembler : warning : ShowMissingComponent: [T:OnePoint.Interview.INotes] Missing &lt;summary&gt; documentation [C:\Users\Doug\Documents\Visual Studio 2017\Projects\OnePointRT\OnePoint.Documentation\Help\Working\BuildTopics.proj]
BuildAssembler : warning : ShowMissingComponent: [T:OnePoint.Interview.InterviewAction] Missing &lt;summary&gt; documentation [C:\Users\Doug\Documents\Visual Studio 2017\Projects\OnePointRT\OnePoint.Documentation\Help\Working\BuildTopics.proj]
BuildAssembler : warning : ResolveReferenceLinksComponent: [P:OnePoint.Interview.InterviewContext.Define] Unknown reference link target &#39;T:OnePoint.Core.Dictionary`2&#39;. [C:\Users\Doug\Documents\Visual Studio 2017\Projects\OnePointRT\OnePoint.Documentation\Help\Working\BuildTopics.proj]
BuildAssembler : warning : ShowMissingComponent: [T:OnePoint.Interview.InterviewModes] Missing &lt;summary&gt; documentation [C:\Users\Doug\Documents\Visual Studio 2017\Projects\OnePointRT\OnePoint.Documentation\Help\Working\BuildTopics.proj]
BuildAssembler : warning : ShowMissingComponent: [T:OnePoint.Interview.InterviewModesConstants] Missing &lt;summary&gt; documentation [C:\Users\Doug\Documents\Visual Studio 2017\Projects\OnePointRT\OnePoint.Documentation\Help\Working\BuildTopics.proj]
BuildAssembler : warning : ShowMissingComponent: [T:OnePoint.Interview.InterviewStatus] Missing &lt;summary&gt; documentation [C:\Users\Doug\Documents\Visual Studio 2017\Projects\OnePointRT\OnePoint.Documentation\Help\Working\BuildTopics.proj]
BuildAssembler : warning : ShowMissingComponent: [T:OnePoint.Interview.IObjects] Missing &lt;summary&gt; documentation [C:\Users\Doug\Documents\Visual Studio 2017\Projects\OnePointRT\OnePoint.Documentation\Help\Working\BuildTopics.proj]
BuildAssembler : warning : ShowMissingComponent: [M:OnePoint.Interview.IObjects.ContainsKey(System.String)] Missing &lt;summary&gt; documentation [C:\Users\Doug\Documents\Visual Studio 2017\Projects\OnePointRT\OnePoint.Documentation\Help\Working\BuildTopics.proj]
BuildAssembler : warning : ShowMissingComponent: [M:OnePoint.Interview.IObjects.ContainsKey(System.String)] Missing &lt;returns&gt; documentation [C:\Users\Doug\Documents\Visual Studio 2017\Projects\OnePointRT\OnePoint.Documentation\Help\Working\BuildTopics.proj]
BuildAssembler : warning : ShowMissingComponent: [M:OnePoint.Interview.IObjects.ContainsKey(System.String)] Missing &lt;param name=&quot;key&quot;/&gt; documentation [C:\Users\Doug\Documents\Visual Studio 2017\Projects\OnePointRT\OnePoint.Documentation\Help\Working\BuildTopics.proj]
BuildAssembler : warning : ShowMissingComponent: [M:OnePoint.Interview.IObjects.ContainsValue(System.Object)] Missing &lt;summary&gt; documentation [C:\Users\Doug\Documents\Visual Studio 2017\Projects\OnePointRT\OnePoint.Documentation\Help\Working\BuildTopics.proj]
BuildAssembler : warning : ShowMissingComponent: [M:OnePoint.Interview.IObjects.ContainsValue(System.Object)] Missing &lt;returns&gt; documentation [C:\Users\Doug\Documents\Visual Studio 2017\Projects\OnePointRT\OnePoint.Documentation\Help\Working\BuildTopics.proj]
BuildAssembler : warning : ShowMissingComponent: [M:OnePoint.Interview.IObjects.ContainsValue(System.Object)] Missing &lt;param name=&quot;value&quot;/&gt; documentation [C:\Users\Doug\Documents\Visual Studio 2017\Projects\OnePointRT\OnePoint.Documentation\Help\Working\BuildTopics.proj]
BuildAssembler : warning : ShowMissingComponent: [P:OnePoint.Interview.IObjects.Count] Missing &lt;summary&gt; documentation [C:\Users\Doug\Documents\Visual Studio 2017\Projects\OnePointRT\OnePoint.Documentation\Help\Working\BuildTopics.proj]
BuildAssembler : warning : ShowMissingComponent: [P:OnePoint.Interview.IObjects.Item(System.String)] Missing &lt;summary&gt; documentation [C:\Users\Doug\Documents\Visual Studio 2017\Projects\OnePointRT\OnePoint.Documentation\Help\Working\BuildTopics.proj]
BuildAssembler : warning : ShowMissingComponent: [T:OnePoint.Interview.IOutputContext] Missing &lt;summary&gt; documentation [C:\Users\Doug\Documents\Visual Studio 2017\Projects\OnePointRT\OnePoint.Documentation\Help\Working\BuildTopics.proj]
BuildAssembler : warning : ShowMissingComponent: [M:OnePoint.Interview.IOutputContext.Render(System.String)] Missing &lt;summary&gt; documentation [C:\Users\Doug\Documents\Visual Studio 2017\Projects\OnePointRT\OnePoint.Documentation\Help\Working\BuildTopics.proj]
BuildAssembler : warning : ShowMissingComponent: [M:OnePoint.Interview.IOutputContext.Render(System.String)] Missing &lt;param name=&quot;output&quot;/&gt; documentation [C:\Users\Doug\Documents\Visual Studio 2017\Projects\OnePointRT\OnePoint.Documentation\Help\Working\BuildTopics.proj]
BuildAssembler : warning : ShowMissingComponent: [T:OnePoint.Interview.IProperty] Missing &lt;summary&gt; documentation [C:\Users\Doug\Documents\Visual Studio 2017\Projects\OnePointRT\OnePoint.Documentation\Help\Working\BuildTopics.proj]
BuildAssembler : warning : ShowMissingComponent: [M:OnePoint.Interview.IProperty.Copy] Missing &lt;summary&gt; documentation [C:\Users\Doug\Documents\Visual Studio 2017\Projects\OnePointRT\OnePoint.Documentation\Help\Working\BuildTopics.proj]
BuildAssembler : warning : ShowMissingComponent: [M:OnePoint.Interview.IProperty.Copy] Missing &lt;returns&gt; documentation [C:\Users\Doug\Documents\Visual Studio 2017\Projects\OnePointRT\OnePoint.Documentation\Help\Working\BuildTopics.proj]
BuildAssembler : warning : ShowMissingComponent: [M:OnePoint.Interview.IProperty.CopyTo(OnePoint.Interview.IProperty)] Missing &lt;summary&gt; documentation [C:\Users\Doug\Documents\Visual Studio 2017\Projects\OnePointRT\OnePoint.Documentation\Help\Working\BuildTopics.proj]
BuildAssembler : warning : ShowMissingComponent: [M:OnePoint.Interview.IProperty.CopyTo(OnePoint.Interview.IProperty)] Missing &lt;param name=&quot;destination&quot;/&gt; documentation [C:\Users\Doug\Documents\Visual Studio 2017\Projects\OnePointRT\OnePoint.Documentation\Help\Working\BuildTopics.proj]
BuildAssembler : warning : ShowMissingComponent: [P:OnePoint.Interview.IProperty.Name] Missing &lt;summary&gt; documentation [C:\Users\Doug\Documents\Visual Studio 2017\Projects\OnePointRT\OnePoint.Documentation\Help\Working\BuildTopics.proj]
BuildAssembler : warning : ShowMissingComponent: [P:OnePoint.Interview.IProperty.Value] Missing &lt;summary&gt; documentation [C:\Users\Doug\Documents\Visual Studio 2017\Projects\OnePointRT\OnePoint.Documentation\Help\Working\BuildTopics.proj]
BuildAssembler : warning : ShowMissingComponent: [T:OnePoint.Interview.IQuestionInfo] Missing &lt;summary&gt; documentation [C:\Users\Doug\Documents\Visual Studio 2017\Projects\OnePointRT\OnePoint.Documentation\Help\Working\BuildTopics.proj]
BuildAssembler : warning : ShowMissingComponent: [P:OnePoint.Interview.IQuestionInfo.AnswerCount] Missing &lt;summary&gt; documentation [C:\Users\Doug\Documents\Visual Studio 2017\Projects\OnePointRT\OnePoint.Documentation\Help\Working\BuildTopics.proj]
BuildAssembler : warning : ShowMissingComponent: [P:OnePoint.Interview.IQuestionInfo.AskCount] Missing &lt;summary&gt; documentation [C:\Users\Doug\Documents\Visual Studio 2017\Projects\OnePointRT\OnePoint.Documentation\Help\Working\BuildTopics.proj]
BuildAssembler : warning : ShowMissingComponent: [P:OnePoint.Interview.IQuestionInfo.ErrorCount] Missing &lt;summary&gt; documentation [C:\Users\Doug\Documents\Visual Studio 2017\Projects\OnePointRT\OnePoint.Documentation\Help\Working\BuildTopics.proj]
BuildAssembler : warning : ShowMissingComponent: [P:OnePoint.Interview.IQuestionInfo.IsOnPath] Missing &lt;summary&gt; documentation [C:\Users\Doug\Documents\Visual Studio 2017\Projects\OnePointRT\OnePoint.Documentation\Help\Working\BuildTopics.proj]
BuildAssembler : warning : ShowMissingComponent: [P:OnePoint.Interview.IQuestionInfo.OffPathCodedResponse] Missing &lt;summary&gt; documentation [C:\Users\Doug\Documents\Visual Studio 2017\Projects\OnePointRT\OnePoint.Documentation\Help\Working\BuildTopics.proj]
BuildAssembler : warning : ShowMissingComponent: [P:OnePoint.Interview.IQuestionInfo.OffPathResponse] Missing &lt;summary&gt; documentation [C:\Users\Doug\Documents\Visual Studio 2017\Projects\OnePointRT\OnePoint.Documentation\Help\Working\BuildTopics.proj]
BuildAssembler : warning : ShowMissingComponent: [P:OnePoint.Interview.IQuestionInfo.OnPathAnswerCount] Missing &lt;summary&gt; documentation [C:\Users\Doug\Documents\Visual Studio 2017\Projects\OnePointRT\OnePoint.Documentation\Help\Working\BuildTopics.proj]
BuildAssembler : warning : ShowMissingComponent: [T:OnePoint.Interview.IQuestionStyle] Missing &lt;summary&gt; documentation [C:\Users\Doug\Documents\Visual Studio 2017\Projects\OnePointRT\OnePoint.Documentation\Help\Working\BuildTopics.proj]
BuildAssembler : warning : ShowMissingComponent: [P:OnePoint.Interview.IQuestionStyle.Categories] Missing &lt;summary&gt; documentation [C:\Users\Doug\Documents\Visual Studio 2017\Projects\OnePointRT\OnePoint.Documentation\Help\Working\BuildTopics.proj]
BuildAssembler : warning : ShowMissingComponent: [P:OnePoint.Interview.IQuestionStyle.Labels] Missing &lt;summary&gt; documentation [C:\Users\Doug\Documents\Visual Studio 2017\Projects\OnePointRT\OnePoint.Documentation\Help\Working\BuildTopics.proj]
BuildAssembler : warning : ShowMissingComponent: [P:OnePoint.Interview.IQuestionStyle.Style] Missing &lt;summary&gt; documentation [C:\Users\Doug\Documents\Visual Studio 2017\Projects\OnePointRT\OnePoint.Documentation\Help\Working\BuildTopics.proj]
BuildAssembler : warning : ShowMissingComponent: [T:OnePoint.Interview.IQuestionStyles] Missing &lt;summary&gt; documentation [C:\Users\Doug\Documents\Visual Studio 2017\Projects\OnePointRT\OnePoint.Documentation\Help\Working\BuildTopics.proj]
BuildAssembler : warning : ShowMissingComponent: [M:OnePoint.Interview.IQuestionStyles.ContainsKey(System.Int32)] Missing &lt;summary&gt; documentation [C:\Users\Doug\Documents\Visual Studio 2017\Projects\OnePointRT\OnePoint.Documentation\Help\Working\BuildTopics.proj]
BuildAssembler : warning : ShowMissingComponent: [M:OnePoint.Interview.IQuestionStyles.ContainsKey(System.Int32)] Missing &lt;returns&gt; documentation [C:\Users\Doug\Documents\Visual Studio 2017\Projects\OnePointRT\OnePoint.Documentation\Help\Working\BuildTopics.proj]
BuildAssembler : warning : ShowMissingComponent: [M:OnePoint.Interview.IQuestionStyles.ContainsKey(System.Int32)] Missing &lt;param name=&quot;key&quot;/&gt; documentation [C:\Users\Doug\Documents\Visual Studio 2017\Projects\OnePointRT\OnePoint.Documentation\Help\Working\BuildTopics.proj]
BuildAssembler : warning : ShowMissingComponent: [M:OnePoint.Interview.IQuestionStyles.ContainsValue(OnePoint.Interview.IQuestionStyle)] Missing &lt;summary&gt; documentation [C:\Users\Doug\Documents\Visual Studio 2017\Projects\OnePointRT\OnePoint.Documentation\Help\Working\BuildTopics.proj]
BuildAssembler : warning : ShowMissingComponent: [M:OnePoint.Interview.IQuestionStyles.ContainsValue(OnePoint.Interview.IQuestionStyle)] Missing &lt;returns&gt; documentation [C:\Users\Doug\Documents\Visual Studio 2017\Projects\OnePointRT\OnePoint.Documentation\Help\Working\BuildTopics.proj]
BuildAssembler : warning : ShowMissingComponent: [M:OnePoint.Interview.IQuestionStyles.ContainsValue(OnePoint.Interview.IQuestionStyle)] Missing &lt;param name=&quot;value&quot;/&gt; documentation [C:\Users\Doug\Documents\Visual Studio 2017\Projects\OnePointRT\OnePoint.Documentation\Help\Working\BuildTopics.proj]
BuildAssembler : warning : ShowMissingComponent: [P:OnePoint.Interview.IQuestionStyles.Count] Missing &lt;summary&gt; documentation [C:\Users\Doug\Documents\Visual Studio 2017\Projects\OnePointRT\OnePoint.Documentation\Help\Working\BuildTopics.proj]
BuildAssembler : warning : ShowMissingComponent: [P:OnePoint.Interview.IQuestionStyles.Item(System.Int32)] Missing &lt;summary&gt; documentation [C:\Users\Doug\Documents\Visual Studio 2017\Projects\OnePointRT\OnePoint.Documentation\Help\Working\BuildTopics.proj]
BuildAssembler : warning : ResolveReferenceLinksComponent: [P:OnePoint.Interview.IQuestionStyles.Item(System.Object)] Unknown reference link target &#39;!:TV&#39;. [C:\Users\Doug\Documents\Visual Studio 2017\Projects\OnePointRT\OnePoint.Documentation\Help\Working\BuildTopics.proj]
BuildAssembler : warning : ResolveReferenceLinksComponent: [P:OnePoint.Interview.IQuestionStyles.Item(System.Object)] Invalid reference link target &#39;!:TV&#39;. [C:\Users\Doug\Documents\Visual Studio 2017\Projects\OnePointRT\OnePoint.Documentation\Help\Working\BuildTopics.proj]
BuildAssembler : warning : ResolveReferenceLinksComponent: [P:OnePoint.Interview.IQuestionStyles.Items] Unknown reference link target &#39;T:OnePoint.Core.List`1&#39;. [C:\Users\Doug\Documents\Visual Studio 2017\Projects\OnePointRT\OnePoint.Documentation\Help\Working\BuildTopics.proj]
BuildAssembler : warning : ShowMissingComponent: [T:OnePoint.Interview.IQuota] Missing &lt;summary&gt; documentation [C:\Users\Doug\Documents\Visual Studio 2017\Projects\OnePointRT\OnePoint.Documentation\Help\Working\BuildTopics.proj]
BuildAssembler : warning : ShowMissingComponent: [P:OnePoint.Interview.IQuota.Complete] Missing &lt;summary&gt; documentation [C:\Users\Doug\Documents\Visual Studio 2017\Projects\OnePointRT\OnePoint.Documentation\Help\Working\BuildTopics.proj]
BuildAssembler : warning : ShowMissingComponent: [M:OnePoint.Interview.IQuota.Decrement] Missing &lt;summary&gt; documentation [C:\Users\Doug\Documents\Visual Studio 2017\Projects\OnePointRT\OnePoint.Documentation\Help\Working\BuildTopics.proj]
BuildAssembler : warning : ShowMissingComponent: [M:OnePoint.Interview.IQuota.Increment] Missing &lt;summary&gt; documentation [C:\Users\Doug\Documents\Visual Studio 2017\Projects\OnePointRT\OnePoint.Documentation\Help\Working\BuildTopics.proj]
BuildAssembler : warning : ShowMissingComponent: [M:OnePoint.Interview.IQuota.IsFull] Missing &lt;summary&gt; documentation [C:\Users\Doug\Documents\Visual Studio 2017\Projects\OnePointRT\OnePoint.Documentation\Help\Working\BuildTopics.proj]
BuildAssembler : warning : ShowMissingComponent: [M:OnePoint.Interview.IQuota.IsFull] Missing &lt;returns&gt; documentation [C:\Users\Doug\Documents\Visual Studio 2017\Projects\OnePointRT\OnePoint.Documentation\Help\Working\BuildTopics.proj]
BuildAssembler : warning : ShowMissingComponent: [P:OnePoint.Interview.IQuota.Name] Missing &lt;summary&gt; documentation [C:\Users\Doug\Documents\Visual Studio 2017\Projects\OnePointRT\OnePoint.Documentation\Help\Working\BuildTopics.proj]
BuildAssembler : warning : ShowMissingComponent: [M:OnePoint.Interview.IQuota.Pending] Missing &lt;summary&gt; documentation [C:\Users\Doug\Documents\Visual Studio 2017\Projects\OnePointRT\OnePoint.Documentation\Help\Working\BuildTopics.proj]
BuildAssembler : warning : ShowMissingComponent: [M:OnePoint.Interview.IQuota.Pending] Missing &lt;returns&gt; documentation [C:\Users\Doug\Documents\Visual Studio 2017\Projects\OnePointRT\OnePoint.Documentation\Help\Working\BuildTopics.proj]
BuildAssembler : warning : ShowMissingComponent: [M:OnePoint.Interview.IQuota.Serialize] Missing &lt;summary&gt; documentation [C:\Users\Doug\Documents\Visual Studio 2017\Projects\OnePointRT\OnePoint.Documentation\Help\Working\BuildTopics.proj]
BuildAssembler : warning : ShowMissingComponent: [M:OnePoint.Interview.IQuota.Serialize] Missing &lt;returns&gt; documentation [C:\Users\Doug\Documents\Visual Studio 2017\Projects\OnePointRT\OnePoint.Documentation\Help\Working\BuildTopics.proj]
BuildAssembler : warning : ShowMissingComponent: [P:OnePoint.Interview.IQuota.Target] Missing &lt;summary&gt; documentation [C:\Users\Doug\Documents\Visual Studio 2017\Projects\OnePointRT\OnePoint.Documentation\Help\Working\BuildTopics.proj]
BuildAssembler : warning : ShowMissingComponent: [T:OnePoint.Interview.IQuotaEngine] Missing &lt;summary&gt; documentation [C:\Users\Doug\Documents\Visual Studio 2017\Projects\OnePointRT\OnePoint.Documentation\Help\Working\BuildTopics.proj]
BuildAssembler : warning : ShowMissingComponent: [P:OnePoint.Interview.IQuotaEngine.Item(System.String)] Missing &lt;summary&gt; documentation [C:\Users\Doug\Documents\Visual Studio 2017\Projects\OnePointRT\OnePoint.Documentation\Help\Working\BuildTopics.proj]
BuildAssembler : warning : ShowMissingComponent: [M:OnePoint.Interview.IQuotaEngine.Save] Missing &lt;summary&gt; documentation [C:\Users\Doug\Documents\Visual Studio 2017\Projects\OnePointRT\OnePoint.Documentation\Help\Working\BuildTopics.proj]
BuildAssembler : warning : ShowMissingComponent: [T:OnePoint.Interview.IQuotas] Missing &lt;summary&gt; documentation [C:\Users\Doug\Documents\Visual Studio 2017\Projects\OnePointRT\OnePoint.Documentation\Help\Working\BuildTopics.proj]
BuildAssembler : warning : ShowMissingComponent: [M:OnePoint.Interview.IQuotas.Add(System.String,OnePoint.Interview.IQuota)] Missing &lt;summary&gt; documentation [C:\Users\Doug\Documents\Visual Studio 2017\Projects\OnePointRT\OnePoint.Documentation\Help\Working\BuildTopics.proj]
BuildAssembler : warning : ShowMissingComponent: [M:OnePoint.Interview.IQuotas.Add(System.String,OnePoint.Interview.IQuota)] Missing &lt;param name=&quot;name&quot;/&gt; documentation [C:\Users\Doug\Documents\Visual Studio 2017\Projects\OnePointRT\OnePoint.Documentation\Help\Working\BuildTopics.proj]
BuildAssembler : warning : ShowMissingComponent: [M:OnePoint.Interview.IQuotas.Add(System.String,OnePoint.Interview.IQuota)] Missing &lt;param name=&quot;quota&quot;/&gt; documentation [C:\Users\Doug\Documents\Visual Studio 2017\Projects\OnePointRT\OnePoint.Documentation\Help\Working\BuildTopics.proj]
BuildAssembler : warning : ShowMissingComponent: [P:OnePoint.Interview.IQuotas.Item(System.String)] Missing &lt;summary&gt; documentation [C:\Users\Doug\Documents\Visual Studio 2017\Projects\OnePointRT\OnePoint.Documentation\Help\Working\BuildTopics.proj]
BuildAssembler : warning : ShowMissingComponent: [M:OnePoint.Interview.IQuotas.Save] Missing &lt;summary&gt; documentation [C:\Users\Doug\Documents\Visual Studio 2017\Projects\OnePointRT\OnePoint.Documentation\Help\Working\BuildTopics.proj]
BuildAssembler : warning : ShowMissingComponent: [T:OnePoint.Interview.IResponse] Missing &lt;summary&gt; documentation [C:\Users\Doug\Documents\Visual Studio 2017\Projects\OnePointRT\OnePoint.Documentation\Help\Working\BuildTopics.proj]
BuildAssembler : warning : ShowMissingComponent: [P:OnePoint.Interview.IResponse.Answered] Missing &lt;summary&gt; documentation [C:\Users\Doug\Documents\Visual Studio 2017\Projects\OnePointRT\OnePoint.Documentation\Help\Working\BuildTopics.proj]
BuildAssembler : warning : ResolveReferenceLinksComponent: [P:OnePoint.Interview.IResponse.Answered] Unknown reference link target &#39;T:OnePoint.Core.DateTime&#39;. [C:\Users\Doug\Documents\Visual Studio 2017\Projects\OnePointRT\OnePoint.Documentation\Help\Working\BuildTopics.proj]
BuildAssembler : warning : ShowMissingComponent: [P:OnePoint.Interview.IResponse.Asked] Missing &lt;summary&gt; documentation [C:\Users\Doug\Documents\Visual Studio 2017\Projects\OnePointRT\OnePoint.Documentation\Help\Working\BuildTopics.proj]
BuildAssembler : warning : ResolveReferenceLinksComponent: [P:OnePoint.Interview.IResponse.Asked] Unknown reference link target &#39;T:OnePoint.Core.DateTime&#39;. [C:\Users\Doug\Documents\Visual Studio 2017\Projects\OnePointRT\OnePoint.Documentation\Help\Working\BuildTopics.proj]
BuildAssembler : warning : ShowMissingComponent: [M:OnePoint.Interview.IResponse.Clear] Missing &lt;summary&gt; documentation [C:\Users\Doug\Documents\Visual Studio 2017\Projects\OnePointRT\OnePoint.Documentation\Help\Working\BuildTopics.proj]
BuildAssembler : warning : ShowMissingComponent: [P:OnePoint.Interview.IResponse.Coded] Missing &lt;summary&gt; documentation [C:\Users\Doug\Documents\Visual Studio 2017\Projects\OnePointRT\OnePoint.Documentation\Help\Working\BuildTopics.proj]
BuildAssembler : warning : ResolveReferenceLinksComponent: [P:OnePoint.Interview.IResponse.Coded] Unknown reference link target &#39;T:OnePoint.Core.Enumerator&#39;. [C:\Users\Doug\Documents\Visual Studio 2017\Projects\OnePointRT\OnePoint.Documentation\Help\Working\BuildTopics.proj]
BuildAssembler : warning : ShowMissingComponent: [P:OnePoint.Interview.IResponse.DataType] Missing &lt;summary&gt; documentation [C:\Users\Doug\Documents\Visual Studio 2017\Projects\OnePointRT\OnePoint.Documentation\Help\Working\BuildTopics.proj]
BuildAssembler : warning : ShowMissingComponent: [P:OnePoint.Interview.IResponse.Default] Missing &lt;summary&gt; documentation [C:\Users\Doug\Documents\Visual Studio 2017\Projects\OnePointRT\OnePoint.Documentation\Help\Working\BuildTopics.proj]
BuildAssembler : warning : ShowMissingComponent: [P:OnePoint.Interview.IResponse.Initial] Missing &lt;summary&gt; documentation [C:\Users\Doug\Documents\Visual Studio 2017\Projects\OnePointRT\OnePoint.Documentation\Help\Working\BuildTopics.proj]
BuildAssembler : warning : ShowMissingComponent: [P:OnePoint.Interview.IResponse.IsDirty] Missing &lt;summary&gt; documentation [C:\Users\Doug\Documents\Visual Studio 2017\Projects\OnePointRT\OnePoint.Documentation\Help\Working\BuildTopics.proj]
BuildAssembler : warning : ShowMissingComponent: [P:OnePoint.Interview.IResponse.Label] Missing &lt;summary&gt; documentation [C:\Users\Doug\Documents\Visual Studio 2017\Projects\OnePointRT\OnePoint.Documentation\Help\Working\BuildTopics.proj]
BuildAssembler : warning : ShowMissingComponent: [P:OnePoint.Interview.IResponse.Name] Missing &lt;summary&gt; documentation [C:\Users\Doug\Documents\Visual Studio 2017\Projects\OnePointRT\OnePoint.Documentation\Help\Working\BuildTopics.proj]
BuildAssembler : warning : ShowMissingComponent: [P:OnePoint.Interview.IResponse.Other] Missing &lt;summary&gt; documentation [C:\Users\Doug\Documents\Visual Studio 2017\Projects\OnePointRT\OnePoint.Documentation\Help\Working\BuildTopics.proj]
BuildAssembler : warning : ShowMissingComponent: [M:OnePoint.Interview.IResponse.SetValue(System.Object)] Missing &lt;summary&gt; documentation [C:\Users\Doug\Documents\Visual Studio 2017\Projects\OnePointRT\OnePoint.Documentation\Help\Working\BuildTopics.proj]
BuildAssembler : warning : ShowMissingComponent: [M:OnePoint.Interview.IResponse.SetValue(System.Object)] Missing &lt;param name=&quot;value&quot;/&gt; documentation [C:\Users\Doug\Documents\Visual Studio 2017\Projects\OnePointRT\OnePoint.Documentation\Help\Working\BuildTopics.proj]
BuildAssembler : warning : ShowMissingComponent: [P:OnePoint.Interview.IResponse.Value] Missing &lt;summary&gt; documentation [C:\Users\Doug\Documents\Visual Studio 2017\Projects\OnePointRT\OnePoint.Documentation\Help\Working\BuildTopics.proj]
BuildAssembler : warning : ShowMissingComponent: [P:OnePoint.Interview.IResponse.ValueObj] Missing &lt;summary&gt; documentation [C:\Users\Doug\Documents\Visual Studio 2017\Projects\OnePointRT\OnePoint.Documentation\Help\Working\BuildTopics.proj]
BuildAssembler : warning : ShowMissingComponent: [T:OnePoint.Interview.IResponses] Missing &lt;summary&gt; documentation [C:\Users\Doug\Documents\Visual Studio 2017\Projects\OnePointRT\OnePoint.Documentation\Help\Working\BuildTopics.proj]
BuildAssembler : warning : ShowMissingComponent: [M:OnePoint.Interview.IResponses.Add(OnePoint.Interview.IResponse)] Missing &lt;summary&gt; documentation [C:\Users\Doug\Documents\Visual Studio 2017\Projects\OnePointRT\OnePoint.Documentation\Help\Working\BuildTopics.proj]
BuildAssembler : warning : ShowMissingComponent: [M:OnePoint.Interview.IResponses.Add(OnePoint.Interview.IResponse)] Missing &lt;param name=&quot;item&quot;/&gt; documentation [C:\Users\Doug\Documents\Visual Studio 2017\Projects\OnePointRT\OnePoint.Documentation\Help\Working\BuildTopics.proj]
BuildAssembler : warning : ShowMissingComponent: [M:OnePoint.Interview.IResponses.Clear] Missing &lt;summary&gt; documentation [C:\Users\Doug\Documents\Visual Studio 2017\Projects\OnePointRT\OnePoint.Documentation\Help\Working\BuildTopics.proj]
BuildAssembler : warning : ShowMissingComponent: [M:OnePoint.Interview.IResponses.Contains(OnePoint.Interview.IResponse)] Missing &lt;summary&gt; documentation [C:\Users\Doug\Documents\Visual Studio 2017\Projects\OnePointRT\OnePoint.Documentation\Help\Working\BuildTopics.proj]
BuildAssembler : warning : ShowMissingComponent: [M:OnePoint.Interview.IResponses.Contains(OnePoint.Interview.IResponse)] Missing &lt;returns&gt; documentation [C:\Users\Doug\Documents\Visual Studio 2017\Projects\OnePointRT\OnePoint.Documentation\Help\Working\BuildTopics.proj]
BuildAssembler : warning : ShowMissingComponent: [M:OnePoint.Interview.IResponses.Contains(OnePoint.Interview.IResponse)] Missing &lt;param name=&quot;item&quot;/&gt; documentation [C:\Users\Doug\Documents\Visual Studio 2017\Projects\OnePointRT\OnePoint.Documentation\Help\Working\BuildTopics.proj]
BuildAssembler : warning : ShowMissingComponent: [P:OnePoint.Interview.IResponses.Count] Missing &lt;summary&gt; documentation [C:\Users\Doug\Documents\Visual Studio 2017\Projects\OnePointRT\OnePoint.Documentation\Help\Working\BuildTopics.proj]
BuildAssembler : warning : ShowMissingComponent: [M:OnePoint.Interview.IResponses.Insert(System.Int32,OnePoint.Interview.IResponse)] Missing &lt;summary&gt; documentation [C:\Users\Doug\Documents\Visual Studio 2017\Projects\OnePointRT\OnePoint.Documentation\Help\Working\BuildTopics.proj]
BuildAssembler : warning : ShowMissingComponent: [M:OnePoint.Interview.IResponses.Insert(System.Int32,OnePoint.Interview.IResponse)] Missing &lt;param name=&quot;index&quot;/&gt; documentation [C:\Users\Doug\Documents\Visual Studio 2017\Projects\OnePointRT\OnePoint.Documentation\Help\Working\BuildTopics.proj]
BuildAssembler : warning : ShowMissingComponent: [M:OnePoint.Interview.IResponses.Insert(System.Int32,OnePoint.Interview.IResponse)] Missing &lt;param name=&quot;item&quot;/&gt; documentation [C:\Users\Doug\Documents\Visual Studio 2017\Projects\OnePointRT\OnePoint.Documentation\Help\Working\BuildTopics.proj]
BuildAssembler : warning : ShowMissingComponent: [P:OnePoint.Interview.IResponses.Item(System.Int32)] Missing &lt;summary&gt; documentation [C:\Users\Doug\Documents\Visual Studio 2017\Projects\OnePointRT\OnePoint.Documentation\Help\Working\BuildTopics.proj]
BuildAssembler : warning : ShowMissingComponent: [T:OnePoint.Interview.ISavePoints] Missing &lt;summary&gt; documentation [C:\Users\Doug\Documents\Visual Studio 2017\Projects\OnePointRT\OnePoint.Documentation\Help\Working\BuildTopics.proj]
BuildAssembler : warning : ShowMissingComponent: [P:OnePoint.Interview.ISavePoints.CachedPoint] Missing &lt;summary&gt; documentation [C:\Users\Doug\Documents\Visual Studio 2017\Projects\OnePointRT\OnePoint.Documentation\Help\Working\BuildTopics.proj]
BuildAssembler : warning : ShowMissingComponent: [P:OnePoint.Interview.ISavePoints.Count] Missing &lt;summary&gt; documentation [C:\Users\Doug\Documents\Visual Studio 2017\Projects\OnePointRT\OnePoint.Documentation\Help\Working\BuildTopics.proj]
BuildAssembler : warning : ShowMissingComponent: [P:OnePoint.Interview.ISavePoints.Item(System.Int32)] Missing &lt;summary&gt; documentation [C:\Users\Doug\Documents\Visual Studio 2017\Projects\OnePointRT\OnePoint.Documentation\Help\Working\BuildTopics.proj]
BuildAssembler : warning : ShowMissingComponent: [P:OnePoint.Interview.ISavePoints.Item(System.String)] Missing &lt;summary&gt; documentation [C:\Users\Doug\Documents\Visual Studio 2017\Projects\OnePointRT\OnePoint.Documentation\Help\Working\BuildTopics.proj]
BuildAssembler : warning : ShowMissingComponent: [P:OnePoint.Interview.ISavePoints.UseQuestionLabels] Missing &lt;summary&gt; documentation [C:\Users\Doug\Documents\Visual Studio 2017\Projects\OnePointRT\OnePoint.Documentation\Help\Working\BuildTopics.proj]
BuildAssembler : warning : ShowMissingComponent: [T:OnePoint.Interview.ISliderStyle] Missing &lt;summary&gt; documentation [C:\Users\Doug\Documents\Visual Studio 2017\Projects\OnePointRT\OnePoint.Documentation\Help\Working\BuildTopics.proj]
BuildAssembler : warning : ShowMissingComponent: [P:OnePoint.Interview.ISliderStyle.High] Missing &lt;summary&gt; documentation [C:\Users\Doug\Documents\Visual Studio 2017\Projects\OnePointRT\OnePoint.Documentation\Help\Working\BuildTopics.proj]
BuildAssembler : warning : ShowMissingComponent: [P:OnePoint.Interview.ISliderStyle.Low] Missing &lt;summary&gt; documentation [C:\Users\Doug\Documents\Visual Studio 2017\Projects\OnePointRT\OnePoint.Documentation\Help\Working\BuildTopics.proj]
BuildAssembler : warning : ShowMissingComponent: [P:OnePoint.Interview.ISliderStyle.Type] Missing &lt;summary&gt; documentation [C:\Users\Doug\Documents\Visual Studio 2017\Projects\OnePointRT\OnePoint.Documentation\Help\Working\BuildTopics.proj]
BuildAssembler : warning : ShowMissingComponent: [T:OnePoint.Interview.IStandardTexts] Missing &lt;summary&gt; documentation [C:\Users\Doug\Documents\Visual Studio 2017\Projects\OnePointRT\OnePoint.Documentation\Help\Working\BuildTopics.proj]
BuildAssembler : warning : ShowMissingComponent: [P:OnePoint.Interview.IStandardTexts.EndOfInterview] Missing &lt;summary&gt; documentation [C:\Users\Doug\Documents\Visual Studio 2017\Projects\OnePointRT\OnePoint.Documentation\Help\Working\BuildTopics.proj]
BuildAssembler : warning : ShowMissingComponent: [P:OnePoint.Interview.IStandardTexts.InterviewStopped] Missing &lt;summary&gt; documentation [C:\Users\Doug\Documents\Visual Studio 2017\Projects\OnePointRT\OnePoint.Documentation\Help\Working\BuildTopics.proj]
BuildAssembler : warning : ShowMissingComponent: [T:OnePoint.Interview.IStyle] Missing &lt;summary&gt; documentation [C:\Users\Doug\Documents\Visual Studio 2017\Projects\OnePointRT\OnePoint.Documentation\Help\Working\BuildTopics.proj]
BuildAssembler : warning : ShowMissingComponent: [P:OnePoint.Interview.IStyle.Align] Missing &lt;summary&gt; documentation [C:\Users\Doug\Documents\Visual Studio 2017\Projects\OnePointRT\OnePoint.Documentation\Help\Working\BuildTopics.proj]
BuildAssembler : warning : ShowMissingComponent: [P:OnePoint.Interview.IStyle.Audio] Missing &lt;summary&gt; documentation [C:\Users\Doug\Documents\Visual Studio 2017\Projects\OnePointRT\OnePoint.Documentation\Help\Working\BuildTopics.proj]
BuildAssembler : warning : ShowMissingComponent: [P:OnePoint.Interview.IStyle.Bgcolor] Missing &lt;summary&gt; documentation [C:\Users\Doug\Documents\Visual Studio 2017\Projects\OnePointRT\OnePoint.Documentation\Help\Working\BuildTopics.proj]
BuildAssembler : warning : ShowMissingComponent: [P:OnePoint.Interview.IStyle.Cell] Missing &lt;summary&gt; documentation [C:\Users\Doug\Documents\Visual Studio 2017\Projects\OnePointRT\OnePoint.Documentation\Help\Working\BuildTopics.proj]
BuildAssembler : warning : ShowMissingComponent: [P:OnePoint.Interview.IStyle.Color] Missing &lt;summary&gt; documentation [C:\Users\Doug\Documents\Visual Studio 2017\Projects\OnePointRT\OnePoint.Documentation\Help\Working\BuildTopics.proj]
BuildAssembler : warning : ShowMissingComponent: [P:OnePoint.Interview.IStyle.Columns] Missing &lt;summary&gt; documentation [C:\Users\Doug\Documents\Visual Studio 2017\Projects\OnePointRT\OnePoint.Documentation\Help\Working\BuildTopics.proj]
BuildAssembler : warning : ShowMissingComponent: [P:OnePoint.Interview.IStyle.Control] Missing &lt;summary&gt; documentation [C:\Users\Doug\Documents\Visual Studio 2017\Projects\OnePointRT\OnePoint.Documentation\Help\Working\BuildTopics.proj]
BuildAssembler : warning : ShowMissingComponent: [M:OnePoint.Interview.IStyle.CopyTo(OnePoint.Interview.IStyle,System.Boolean)] Missing &lt;summary&gt; documentation [C:\Users\Doug\Documents\Visual Studio 2017\Projects\OnePointRT\OnePoint.Documentation\Help\Working\BuildTopics.proj]
BuildAssembler : warning : ShowMissingComponent: [M:OnePoint.Interview.IStyle.CopyTo(OnePoint.Interview.IStyle,System.Boolean)] Missing &lt;param name=&quot;destination&quot;/&gt; documentation [C:\Users\Doug\Documents\Visual Studio 2017\Projects\OnePointRT\OnePoint.Documentation\Help\Working\BuildTopics.proj]
BuildAssembler : warning : ShowMissingComponent: [M:OnePoint.Interview.IStyle.CopyTo(OnePoint.Interview.IStyle,System.Boolean)] Missing &lt;param name=&quot;allCasecadedStyles&quot;/&gt; documentation [C:\Users\Doug\Documents\Visual Studio 2017\Projects\OnePointRT\OnePoint.Documentation\Help\Working\BuildTopics.proj]
BuildAssembler : warning : ShowMissingComponent: [P:OnePoint.Interview.IStyle.Cursor] Missing &lt;summary&gt; documentation [C:\Users\Doug\Documents\Visual Studio 2017\Projects\OnePointRT\OnePoint.Documentation\Help\Working\BuildTopics.proj]
BuildAssembler : warning : ShowMissingComponent: [P:OnePoint.Interview.IStyle.ElementAlign] Missing &lt;summary&gt; documentation [C:\Users\Doug\Documents\Visual Studio 2017\Projects\OnePointRT\OnePoint.Documentation\Help\Working\BuildTopics.proj]
BuildAssembler : warning : ShowMissingComponent: [P:OnePoint.Interview.IStyle.Font] Missing &lt;summary&gt; documentation [C:\Users\Doug\Documents\Visual Studio 2017\Projects\OnePointRT\OnePoint.Documentation\Help\Working\BuildTopics.proj]
BuildAssembler : warning : ShowMissingComponent: [P:OnePoint.Interview.IStyle.Height] Missing &lt;summary&gt; documentation [C:\Users\Doug\Documents\Visual Studio 2017\Projects\OnePointRT\OnePoint.Documentation\Help\Working\BuildTopics.proj]
BuildAssembler : warning : ShowMissingComponent: [P:OnePoint.Interview.IStyle.Hidden] Missing &lt;summary&gt; documentation [C:\Users\Doug\Documents\Visual Studio 2017\Projects\OnePointRT\OnePoint.Documentation\Help\Working\BuildTopics.proj]
BuildAssembler : warning : ShowMissingComponent: [P:OnePoint.Interview.IStyle.Image] Missing &lt;summary&gt; documentation [C:\Users\Doug\Documents\Visual Studio 2017\Projects\OnePointRT\OnePoint.Documentation\Help\Working\BuildTopics.proj]
BuildAssembler : warning : ShowMissingComponent: [P:OnePoint.Interview.IStyle.ImagePosition] Missing &lt;summary&gt; documentation [C:\Users\Doug\Documents\Visual Studio 2017\Projects\OnePointRT\OnePoint.Documentation\Help\Working\BuildTopics.proj]
BuildAssembler : warning : ShowMissingComponent: [P:OnePoint.Interview.IStyle.Indent] Missing &lt;summary&gt; documentation [C:\Users\Doug\Documents\Visual Studio 2017\Projects\OnePointRT\OnePoint.Documentation\Help\Working\BuildTopics.proj]
BuildAssembler : warning : ShowMissingComponent: [P:OnePoint.Interview.IStyle.IsEmpty] Missing &lt;summary&gt; documentation [C:\Users\Doug\Documents\Visual Studio 2017\Projects\OnePointRT\OnePoint.Documentation\Help\Working\BuildTopics.proj]
BuildAssembler : warning : ShowMissingComponent: [P:OnePoint.Interview.IStyle.Mask] Missing &lt;summary&gt; documentation [C:\Users\Doug\Documents\Visual Studio 2017\Projects\OnePointRT\OnePoint.Documentation\Help\Working\BuildTopics.proj]
BuildAssembler : warning : ShowMissingComponent: [P:OnePoint.Interview.IStyle.Media] Missing &lt;summary&gt; documentation [C:\Users\Doug\Documents\Visual Studio 2017\Projects\OnePointRT\OnePoint.Documentation\Help\Working\BuildTopics.proj]
BuildAssembler : warning : ShowMissingComponent: [P:OnePoint.Interview.IStyle.Orientation] Missing &lt;summary&gt; documentation [C:\Users\Doug\Documents\Visual Studio 2017\Projects\OnePointRT\OnePoint.Documentation\Help\Working\BuildTopics.proj]
BuildAssembler : warning : ShowMissingComponent: [P:OnePoint.Interview.IStyle.Parent] Missing &lt;summary&gt; documentation [C:\Users\Doug\Documents\Visual Studio 2017\Projects\OnePointRT\OnePoint.Documentation\Help\Working\BuildTopics.proj]
BuildAssembler : warning : ShowMissingComponent: [P:OnePoint.Interview.IStyle.Placeholder] Missing &lt;summary&gt; documentation [C:\Users\Doug\Documents\Visual Studio 2017\Projects\OnePointRT\OnePoint.Documentation\Help\Working\BuildTopics.proj]
BuildAssembler : warning : ShowMissingComponent: [P:OnePoint.Interview.IStyle.Rows] Missing &lt;summary&gt; documentation [C:\Users\Doug\Documents\Visual Studio 2017\Projects\OnePointRT\OnePoint.Documentation\Help\Working\BuildTopics.proj]
BuildAssembler : warning : ShowMissingComponent: [P:OnePoint.Interview.IStyle.Slider] Missing &lt;summary&gt; documentation [C:\Users\Doug\Documents\Visual Studio 2017\Projects\OnePointRT\OnePoint.Documentation\Help\Working\BuildTopics.proj]
BuildAssembler : warning : ShowMissingComponent: [P:OnePoint.Interview.IStyle.UseCascadeStyles] Missing &lt;summary&gt; documentation [C:\Users\Doug\Documents\Visual Studio 2017\Projects\OnePointRT\OnePoint.Documentation\Help\Working\BuildTopics.proj]
BuildAssembler : warning : ShowMissingComponent: [P:OnePoint.Interview.IStyle.VerticalAlign] Missing &lt;summary&gt; documentation [C:\Users\Doug\Documents\Visual Studio 2017\Projects\OnePointRT\OnePoint.Documentation\Help\Working\BuildTopics.proj]
BuildAssembler : warning : ShowMissingComponent: [P:OnePoint.Interview.IStyle.Width] Missing &lt;summary&gt; documentation [C:\Users\Doug\Documents\Visual Studio 2017\Projects\OnePointRT\OnePoint.Documentation\Help\Working\BuildTopics.proj]
BuildAssembler : warning : ShowMissingComponent: [P:OnePoint.Interview.IStyle.ZIndex] Missing &lt;summary&gt; documentation [C:\Users\Doug\Documents\Visual Studio 2017\Projects\OnePointRT\OnePoint.Documentation\Help\Working\BuildTopics.proj]
BuildAssembler : warning : ShowMissingComponent: [T:OnePoint.Interview.IStyles] Missing &lt;summary&gt; documentation [C:\Users\Doug\Documents\Visual Studio 2017\Projects\OnePointRT\OnePoint.Documentation\Help\Working\BuildTopics.proj]
BuildAssembler : warning : ShowMissingComponent: [M:OnePoint.Interview.IStyles.Add(OnePoint.Interview.IStyle)] Missing &lt;summary&gt; documentation [C:\Users\Doug\Documents\Visual Studio 2017\Projects\OnePointRT\OnePoint.Documentation\Help\Working\BuildTopics.proj]
BuildAssembler : warning : ShowMissingComponent: [M:OnePoint.Interview.IStyles.Add(OnePoint.Interview.IStyle)] Missing &lt;param name=&quot;item&quot;/&gt; documentation [C:\Users\Doug\Documents\Visual Studio 2017\Projects\OnePointRT\OnePoint.Documentation\Help\Working\BuildTopics.proj]
BuildAssembler : warning : ShowMissingComponent: [M:OnePoint.Interview.IStyles.Clear] Missing &lt;summary&gt; documentation [C:\Users\Doug\Documents\Visual Studio 2017\Projects\OnePointRT\OnePoint.Documentation\Help\Working\BuildTopics.proj]
BuildAssembler : warning : ShowMissingComponent: [M:OnePoint.Interview.IStyles.Contains(OnePoint.Interview.IStyle)] Missing &lt;summary&gt; documentation [C:\Users\Doug\Documents\Visual Studio 2017\Projects\OnePointRT\OnePoint.Documentation\Help\Working\BuildTopics.proj]
BuildAssembler : warning : ShowMissingComponent: [M:OnePoint.Interview.IStyles.Contains(OnePoint.Interview.IStyle)] Missing &lt;returns&gt; documentation [C:\Users\Doug\Documents\Visual Studio 2017\Projects\OnePointRT\OnePoint.Documentation\Help\Working\BuildTopics.proj]
BuildAssembler : warning : ShowMissingComponent: [M:OnePoint.Interview.IStyles.Contains(OnePoint.Interview.IStyle)] Missing &lt;param name=&quot;item&quot;/&gt; documentation [C:\Users\Doug\Documents\Visual Studio 2017\Projects\OnePointRT\OnePoint.Documentation\Help\Working\BuildTopics.proj]
BuildAssembler : warning : ShowMissingComponent: [P:OnePoint.Interview.IStyles.Count] Missing &lt;summary&gt; documentation [C:\Users\Doug\Documents\Visual Studio 2017\Projects\OnePointRT\OnePoint.Documentation\Help\Working\BuildTopics.proj]
BuildAssembler : warning : ShowMissingComponent: [P:OnePoint.Interview.IStyles.Item(OnePoint.Interview.GridStyleTypes)] Missing &lt;summary&gt; documentation [C:\Users\Doug\Documents\Visual Studio 2017\Projects\OnePointRT\OnePoint.Documentation\Help\Working\BuildTopics.proj]
BuildAssembler : warning : ShowMissingComponent: [P:OnePoint.Interview.IStyles.Item(System.Int32)] Missing &lt;summary&gt; documentation [C:\Users\Doug\Documents\Visual Studio 2017\Projects\OnePointRT\OnePoint.Documentation\Help\Working\BuildTopics.proj]
BuildAssembler : warning : ShowMissingComponent: [T:OnePoint.Interview.ITemplates] Missing &lt;summary&gt; documentation [C:\Users\Doug\Documents\Visual Studio 2017\Projects\OnePointRT\OnePoint.Documentation\Help\Working\BuildTopics.proj]
BuildAssembler : warning : ShowMissingComponent: [T:OnePoint.Interview.IteratorTypeConstants] Missing &lt;summary&gt; documentation [C:\Users\Doug\Documents\Visual Studio 2017\Projects\OnePointRT\OnePoint.Documentation\Help\Working\BuildTopics.proj]
BuildAssembler : warning : ShowMissingComponent: [T:OnePoint.Interview.IValidateOption] Missing &lt;summary&gt; documentation [C:\Users\Doug\Documents\Visual Studio 2017\Projects\OnePointRT\OnePoint.Documentation\Help\Working\BuildTopics.proj]
BuildAssembler : warning : ShowMissingComponent: [P:OnePoint.Interview.IValidateOption.Name] Missing &lt;summary&gt; documentation [C:\Users\Doug\Documents\Visual Studio 2017\Projects\OnePointRT\OnePoint.Documentation\Help\Working\BuildTopics.proj]
BuildAssembler : warning : ShowMissingComponent: [P:OnePoint.Interview.IValidateOption.Value] Missing &lt;summary&gt; documentation [C:\Users\Doug\Documents\Visual Studio 2017\Projects\OnePointRT\OnePoint.Documentation\Help\Working\BuildTopics.proj]
BuildAssembler : warning : ResolveReferenceLinksComponent: [P:OnePoint.Interview.IValidation.Options] Unknown reference link target &#39;T:OnePoint.Core.List`1&#39;. [C:\Users\Doug\Documents\Visual Studio 2017\Projects\OnePointRT\OnePoint.Documentation\Help\Working\BuildTopics.proj]
BuildAssembler : warning : ShowMissingComponent: [T:OnePoint.Interview.IValue] Missing &lt;summary&gt; documentation [C:\Users\Doug\Documents\Visual Studio 2017\Projects\OnePointRT\OnePoint.Documentation\Help\Working\BuildTopics.proj]
BuildAssembler : warning : ShowMissingComponent: [M:OnePoint.Interview.IValue.AppendChunk(System.Object)] Missing &lt;summary&gt; documentation [C:\Users\Doug\Documents\Visual Studio 2017\Projects\OnePointRT\OnePoint.Documentation\Help\Working\BuildTopics.proj]
BuildAssembler : warning : ShowMissingComponent: [M:OnePoint.Interview.IValue.AppendChunk(System.Object)] Missing &lt;param name=&quot;data&quot;/&gt; documentation [C:\Users\Doug\Documents\Visual Studio 2017\Projects\OnePointRT\OnePoint.Documentation\Help\Working\BuildTopics.proj]
BuildAssembler : warning : ShowMissingComponent: [P:OnePoint.Interview.IValue.Attributes] Missing &lt;summary&gt; documentation [C:\Users\Doug\Documents\Visual Studio 2017\Projects\OnePointRT\OnePoint.Documentation\Help\Working\BuildTopics.proj]
BuildAssembler : warning : ResolveReferenceLinksComponent: [P:OnePoint.Interview.IValue.Attributes] Unknown reference link target &#39;T:OnePoint.Core.List`1&#39;. [C:\Users\Doug\Documents\Visual Studio 2017\Projects\OnePointRT\OnePoint.Documentation\Help\Working\BuildTopics.proj]
BuildAssembler : warning : ShowMissingComponent: [M:OnePoint.Interview.IValue.Clear] Missing &lt;summary&gt; documentation [C:\Users\Doug\Documents\Visual Studio 2017\Projects\OnePointRT\OnePoint.Documentation\Help\Working\BuildTopics.proj]
BuildAssembler : warning : ShowMissingComponent: [M:OnePoint.Interview.IValue.GetChunk(System.Int64)] Missing &lt;summary&gt; documentation [C:\Users\Doug\Documents\Visual Studio 2017\Projects\OnePointRT\OnePoint.Documentation\Help\Working\BuildTopics.proj]
BuildAssembler : warning : ShowMissingComponent: [M:OnePoint.Interview.IValue.GetChunk(System.Int64)] Missing &lt;returns&gt; documentation [C:\Users\Doug\Documents\Visual Studio 2017\Projects\OnePointRT\OnePoint.Documentation\Help\Working\BuildTopics.proj]
BuildAssembler : warning : ShowMissingComponent: [M:OnePoint.Interview.IValue.GetChunk(System.Int64)] Missing &lt;param name=&quot;size&quot;/&gt; documentation [C:\Users\Doug\Documents\Visual Studio 2017\Projects\OnePointRT\OnePoint.Documentation\Help\Working\BuildTopics.proj]
BuildAssembler : warning : ShowMissingComponent: [P:OnePoint.Interview.IValue.IsDirty] Missing &lt;summary&gt; documentation [C:\Users\Doug\Documents\Visual Studio 2017\Projects\OnePointRT\OnePoint.Documentation\Help\Working\BuildTopics.proj]
BuildAssembler : warning : ShowMissingComponent: [P:OnePoint.Interview.IValue.Type] Missing &lt;summary&gt; documentation [C:\Users\Doug\Documents\Visual Studio 2017\Projects\OnePointRT\OnePoint.Documentation\Help\Working\BuildTopics.proj]
BuildAssembler : warning : ShowMissingComponent: [P:OnePoint.Interview.IValue.Value] Missing &lt;summary&gt; documentation [C:\Users\Doug\Documents\Visual Studio 2017\Projects\OnePointRT\OnePoint.Documentation\Help\Working\BuildTopics.proj]
BuildAssembler : warning : ShowMissingComponent: [T:OnePoint.Interview.IValueAttribute] Missing &lt;summary&gt; documentation [C:\Users\Doug\Documents\Visual Studio 2017\Projects\OnePointRT\OnePoint.Documentation\Help\Working\BuildTopics.proj]
BuildAssembler : warning : ShowMissingComponent: [P:OnePoint.Interview.IValueAttribute.Name] Missing &lt;summary&gt; documentation [C:\Users\Doug\Documents\Visual Studio 2017\Projects\OnePointRT\OnePoint.Documentation\Help\Working\BuildTopics.proj]
BuildAssembler : warning : ShowMissingComponent: [P:OnePoint.Interview.IValueAttribute.Value] Missing &lt;summary&gt; documentation [C:\Users\Doug\Documents\Visual Studio 2017\Projects\OnePointRT\OnePoint.Documentation\Help\Working\BuildTopics.proj]
BuildAssembler : warning : ShowMissingComponent: [T:OnePoint.Interview.LanguageConstants] Missing &lt;summary&gt; documentation [C:\Users\Doug\Documents\Visual Studio 2017\Projects\OnePointRT\OnePoint.Documentation\Help\Working\BuildTopics.proj]
BuildAssembler : warning : ShowMissingComponent: [T:OnePoint.Interview.LogLevels] Missing &lt;summary&gt; documentation [C:\Users\Doug\Documents\Visual Studio 2017\Projects\OnePointRT\OnePoint.Documentation\Help\Working\BuildTopics.proj]
BuildAssembler : warning : ShowMissingComponent: [T:OnePoint.Interview.ObjectTypesConstants] Missing &lt;summary&gt; documentation [C:\Users\Doug\Documents\Visual Studio 2017\Projects\OnePointRT\OnePoint.Documentation\Help\Working\BuildTopics.proj]
BuildAssembler : warning : ShowMissingComponent: [T:OnePoint.Interview.OffPathDataModes] Missing &lt;summary&gt; documentation [C:\Users\Doug\Documents\Visual Studio 2017\Projects\OnePointRT\OnePoint.Documentation\Help\Working\BuildTopics.proj]
BuildAssembler : warning : ShowMissingComponent: [T:OnePoint.Interview.OpenConstants] Missing &lt;summary&gt; documentation [C:\Users\Doug\Documents\Visual Studio 2017\Projects\OnePointRT\OnePoint.Documentation\Help\Working\BuildTopics.proj]
BuildAssembler : warning : ShowMissingComponent: [T:OnePoint.Interview.OrderConstants] Missing &lt;summary&gt; documentation [C:\Users\Doug\Documents\Visual Studio 2017\Projects\OnePointRT\OnePoint.Documentation\Help\Working\BuildTopics.proj]
BuildAssembler : warning : ShowMissingComponent: [T:OnePoint.Interview.OrientationConstants] Missing &lt;summary&gt; documentation [C:\Users\Doug\Documents\Visual Studio 2017\Projects\OnePointRT\OnePoint.Documentation\Help\Working\BuildTopics.proj]
BuildAssembler : warning : ShowMissingComponent: [T:OnePoint.Interview.Orientations] Missing &lt;summary&gt; documentation [C:\Users\Doug\Documents\Visual Studio 2017\Projects\OnePointRT\OnePoint.Documentation\Help\Working\BuildTopics.proj]
BuildAssembler : warning : ShowMissingComponent: [T:OnePoint.Interview.QuestionTypes] Missing &lt;summary&gt; documentation [C:\Users\Doug\Documents\Visual Studio 2017\Projects\OnePointRT\OnePoint.Documentation\Help\Working\BuildTopics.proj]
BuildAssembler : warning : ShowMissingComponent: [T:OnePoint.Interview.RecordModes] Missing &lt;summary&gt; documentation [C:\Users\Doug\Documents\Visual Studio 2017\Projects\OnePointRT\OnePoint.Documentation\Help\Working\BuildTopics.proj]
BuildAssembler : warning : ShowMissingComponent: [T:OnePoint.Interview.RoutingScriptOptions] Missing &lt;summary&gt; documentation [C:\Users\Doug\Documents\Visual Studio 2017\Projects\OnePointRT\OnePoint.Documentation\Help\Working\BuildTopics.proj]
BuildAssembler : warning : ShowMissingComponent: [T:OnePoint.Interview.RoutingTypeConstants] Missing &lt;summary&gt; documentation [C:\Users\Doug\Documents\Visual Studio 2017\Projects\OnePointRT\OnePoint.Documentation\Help\Working\BuildTopics.proj]
BuildAssembler : warning : ShowMissingComponent: [T:OnePoint.Interview.Signals] Missing &lt;summary&gt; documentation [C:\Users\Doug\Documents\Visual Studio 2017\Projects\OnePointRT\OnePoint.Documentation\Help\Working\BuildTopics.proj]
BuildAssembler : warning : ShowMissingComponent: [T:OnePoint.Interview.SliderStyles] Missing &lt;summary&gt; documentation [C:\Users\Doug\Documents\Visual Studio 2017\Projects\OnePointRT\OnePoint.Documentation\Help\Working\BuildTopics.proj]
BuildAssembler : warning : ShowMissingComponent: [T:OnePoint.Interview.SourceTypeConstants] Missing &lt;summary&gt; documentation [C:\Users\Doug\Documents\Visual Studio 2017\Projects\OnePointRT\OnePoint.Documentation\Help\Working\BuildTopics.proj]
BuildAssembler : warning : ShowMissingComponent: [T:OnePoint.Interview.TerminateStatus] Missing &lt;summary&gt; documentation [C:\Users\Doug\Documents\Visual Studio 2017\Projects\OnePointRT\OnePoint.Documentation\Help\Working\BuildTopics.proj]
BuildAssembler : warning : ShowMissingComponent: [T:OnePoint.Interview.ValidatedActions] Missing &lt;summary&gt; documentation [C:\Users\Doug\Documents\Visual Studio 2017\Projects\OnePointRT\OnePoint.Documentation\Help\Working\BuildTopics.proj]
BuildAssembler : warning : ShowMissingComponent: [T:OnePoint.Interview.VerticalAlignments] Missing &lt;summary&gt; documentation [C:\Users\Doug\Documents\Visual Studio 2017\Projects\OnePointRT\OnePoint.Documentation\Help\Working\BuildTopics.proj]
  Processed 690 topic(s)
  217 warning(s)
  CopyFromIndexComponent: &quot;metadata&quot; in-memory cache entries used: 1 of 15.
  ResolveArtLinksComponent: Copying media files...
  CopyFromIndexComponent: &quot;reflection&quot; in-memory cache entries used: 2 of 15.
  CopyFromIndexComponent: &quot;comments&quot; in-memory cache entries used: 1 of 30.
  SaveComponent: Waiting for the document writer task to finish (99 Markdown API file(s) remaining)...
Done Building Project &quot;C:\Users\Doug\Documents\Visual Studio 2017\Projects\OnePointRT\OnePoint.Documentation\Help\Working\BuildTopics.proj&quot; (default targets).
    Last step completed in 00:00:16.9930
</buildStep>
<buildStep step="CombiningIntermediateTocFiles">
Combining conceptual and API intermediate TOC files...
    Last step completed in 00:00:00.0075
</buildStep>
<buildStep step="CopyStandardHelpContent">
Copying standard help content...
C:\Program Files (x86)\EWSoftware\Sandcastle Help File Builder\PresentationStyles\Markdown\media\AlertCaution.png -&gt; C:\Users\Doug\Documents\Visual Studio 2017\Projects\OnePointRT\OnePoint.Documentation\Help\Working\Output\Markdown\media\AlertCaution.png
C:\Program Files (x86)\EWSoftware\Sandcastle Help File Builder\PresentationStyles\Markdown\media\AlertNote.png -&gt; C:\Users\Doug\Documents\Visual Studio 2017\Projects\OnePointRT\OnePoint.Documentation\Help\Working\Output\Markdown\media\AlertNote.png
C:\Program Files (x86)\EWSoftware\Sandcastle Help File Builder\PresentationStyles\Markdown\media\AlertSecurity.png -&gt; C:\Users\Doug\Documents\Visual Studio 2017\Projects\OnePointRT\OnePoint.Documentation\Help\Working\Output\Markdown\media\AlertSecurity.png
C:\Program Files (x86)\EWSoftware\Sandcastle Help File Builder\PresentationStyles\Markdown\media\CFW.gif -&gt; C:\Users\Doug\Documents\Visual Studio 2017\Projects\OnePointRT\OnePoint.Documentation\Help\Working\Output\Markdown\media\CFW.gif
C:\Program Files (x86)\EWSoftware\Sandcastle Help File Builder\PresentationStyles\Markdown\media\CodeExample.png -&gt; C:\Users\Doug\Documents\Visual Studio 2017\Projects\OnePointRT\OnePoint.Documentation\Help\Working\Output\Markdown\media\CodeExample.png
C:\Program Files (x86)\EWSoftware\Sandcastle Help File Builder\PresentationStyles\Markdown\media\privclass.gif -&gt; C:\Users\Doug\Documents\Visual Studio 2017\Projects\OnePointRT\OnePoint.Documentation\Help\Working\Output\Markdown\media\privclass.gif
C:\Program Files (x86)\EWSoftware\Sandcastle Help File Builder\PresentationStyles\Markdown\media\privdelegate.gif -&gt; C:\Users\Doug\Documents\Visual Studio 2017\Projects\OnePointRT\OnePoint.Documentation\Help\Working\Output\Markdown\media\privdelegate.gif
C:\Program Files (x86)\EWSoftware\Sandcastle Help File Builder\PresentationStyles\Markdown\media\privenumeration.gif -&gt; C:\Users\Doug\Documents\Visual Studio 2017\Projects\OnePointRT\OnePoint.Documentation\Help\Working\Output\Markdown\media\privenumeration.gif
C:\Program Files (x86)\EWSoftware\Sandcastle Help File Builder\PresentationStyles\Markdown\media\privevent.gif -&gt; C:\Users\Doug\Documents\Visual Studio 2017\Projects\OnePointRT\OnePoint.Documentation\Help\Working\Output\Markdown\media\privevent.gif
C:\Program Files (x86)\EWSoftware\Sandcastle Help File Builder\PresentationStyles\Markdown\media\privextension.gif -&gt; C:\Users\Doug\Documents\Visual Studio 2017\Projects\OnePointRT\OnePoint.Documentation\Help\Working\Output\Markdown\media\privextension.gif
C:\Program Files (x86)\EWSoftware\Sandcastle Help File Builder\PresentationStyles\Markdown\media\privfield.gif -&gt; C:\Users\Doug\Documents\Visual Studio 2017\Projects\OnePointRT\OnePoint.Documentation\Help\Working\Output\Markdown\media\privfield.gif
C:\Program Files (x86)\EWSoftware\Sandcastle Help File Builder\PresentationStyles\Markdown\media\privinterface.gif -&gt; C:\Users\Doug\Documents\Visual Studio 2017\Projects\OnePointRT\OnePoint.Documentation\Help\Working\Output\Markdown\media\privinterface.gif
C:\Program Files (x86)\EWSoftware\Sandcastle Help File Builder\PresentationStyles\Markdown\media\privmethod.gif -&gt; C:\Users\Doug\Documents\Visual Studio 2017\Projects\OnePointRT\OnePoint.Documentation\Help\Working\Output\Markdown\media\privmethod.gif
C:\Program Files (x86)\EWSoftware\Sandcastle Help File Builder\PresentationStyles\Markdown\media\privproperty.gif -&gt; C:\Users\Doug\Documents\Visual Studio 2017\Projects\OnePointRT\OnePoint.Documentation\Help\Working\Output\Markdown\media\privproperty.gif
C:\Program Files (x86)\EWSoftware\Sandcastle Help File Builder\PresentationStyles\Markdown\media\privstructure.gif -&gt; C:\Users\Doug\Documents\Visual Studio 2017\Projects\OnePointRT\OnePoint.Documentation\Help\Working\Output\Markdown\media\privstructure.gif
C:\Program Files (x86)\EWSoftware\Sandcastle Help File Builder\PresentationStyles\Markdown\media\protclass.gif -&gt; C:\Users\Doug\Documents\Visual Studio 2017\Projects\OnePointRT\OnePoint.Documentation\Help\Working\Output\Markdown\media\protclass.gif
C:\Program Files (x86)\EWSoftware\Sandcastle Help File Builder\PresentationStyles\Markdown\media\protdelegate.gif -&gt; C:\Users\Doug\Documents\Visual Studio 2017\Projects\OnePointRT\OnePoint.Documentation\Help\Working\Output\Markdown\media\protdelegate.gif
C:\Program Files (x86)\EWSoftware\Sandcastle Help File Builder\PresentationStyles\Markdown\media\protenumeration.gif -&gt; C:\Users\Doug\Documents\Visual Studio 2017\Projects\OnePointRT\OnePoint.Documentation\Help\Working\Output\Markdown\media\protenumeration.gif
C:\Program Files (x86)\EWSoftware\Sandcastle Help File Builder\PresentationStyles\Markdown\media\protevent.gif -&gt; C:\Users\Doug\Documents\Visual Studio 2017\Projects\OnePointRT\OnePoint.Documentation\Help\Working\Output\Markdown\media\protevent.gif
C:\Program Files (x86)\EWSoftware\Sandcastle Help File Builder\PresentationStyles\Markdown\media\protextension.gif -&gt; C:\Users\Doug\Documents\Visual Studio 2017\Projects\OnePointRT\OnePoint.Documentation\Help\Working\Output\Markdown\media\protextension.gif
C:\Program Files (x86)\EWSoftware\Sandcastle Help File Builder\PresentationStyles\Markdown\media\protfield.gif -&gt; C:\Users\Doug\Documents\Visual Studio 2017\Projects\OnePointRT\OnePoint.Documentation\Help\Working\Output\Markdown\media\protfield.gif
C:\Program Files (x86)\EWSoftware\Sandcastle Help File Builder\PresentationStyles\Markdown\media\protinterface.gif -&gt; C:\Users\Doug\Documents\Visual Studio 2017\Projects\OnePointRT\OnePoint.Documentation\Help\Working\Output\Markdown\media\protinterface.gif
C:\Program Files (x86)\EWSoftware\Sandcastle Help File Builder\PresentationStyles\Markdown\media\protmethod.gif -&gt; C:\Users\Doug\Documents\Visual Studio 2017\Projects\OnePointRT\OnePoint.Documentation\Help\Working\Output\Markdown\media\protmethod.gif
C:\Program Files (x86)\EWSoftware\Sandcastle Help File Builder\PresentationStyles\Markdown\media\protoperator.gif -&gt; C:\Users\Doug\Documents\Visual Studio 2017\Projects\OnePointRT\OnePoint.Documentation\Help\Working\Output\Markdown\media\protoperator.gif
C:\Program Files (x86)\EWSoftware\Sandcastle Help File Builder\PresentationStyles\Markdown\media\protproperty.gif -&gt; C:\Users\Doug\Documents\Visual Studio 2017\Projects\OnePointRT\OnePoint.Documentation\Help\Working\Output\Markdown\media\protproperty.gif
C:\Program Files (x86)\EWSoftware\Sandcastle Help File Builder\PresentationStyles\Markdown\media\protstructure.gif -&gt; C:\Users\Doug\Documents\Visual Studio 2017\Projects\OnePointRT\OnePoint.Documentation\Help\Working\Output\Markdown\media\protstructure.gif
C:\Program Files (x86)\EWSoftware\Sandcastle Help File Builder\PresentationStyles\Markdown\media\pubclass.gif -&gt; C:\Users\Doug\Documents\Visual Studio 2017\Projects\OnePointRT\OnePoint.Documentation\Help\Working\Output\Markdown\media\pubclass.gif
C:\Program Files (x86)\EWSoftware\Sandcastle Help File Builder\PresentationStyles\Markdown\media\pubdelegate.gif -&gt; C:\Users\Doug\Documents\Visual Studio 2017\Projects\OnePointRT\OnePoint.Documentation\Help\Working\Output\Markdown\media\pubdelegate.gif
C:\Program Files (x86)\EWSoftware\Sandcastle Help File Builder\PresentationStyles\Markdown\media\pubenumeration.gif -&gt; C:\Users\Doug\Documents\Visual Studio 2017\Projects\OnePointRT\OnePoint.Documentation\Help\Working\Output\Markdown\media\pubenumeration.gif
C:\Program Files (x86)\EWSoftware\Sandcastle Help File Builder\PresentationStyles\Markdown\media\pubevent.gif -&gt; C:\Users\Doug\Documents\Visual Studio 2017\Projects\OnePointRT\OnePoint.Documentation\Help\Working\Output\Markdown\media\pubevent.gif
C:\Program Files (x86)\EWSoftware\Sandcastle Help File Builder\PresentationStyles\Markdown\media\pubextension.gif -&gt; C:\Users\Doug\Documents\Visual Studio 2017\Projects\OnePointRT\OnePoint.Documentation\Help\Working\Output\Markdown\media\pubextension.gif
C:\Program Files (x86)\EWSoftware\Sandcastle Help File Builder\PresentationStyles\Markdown\media\pubfield.gif -&gt; C:\Users\Doug\Documents\Visual Studio 2017\Projects\OnePointRT\OnePoint.Documentation\Help\Working\Output\Markdown\media\pubfield.gif
C:\Program Files (x86)\EWSoftware\Sandcastle Help File Builder\PresentationStyles\Markdown\media\pubinterface.gif -&gt; C:\Users\Doug\Documents\Visual Studio 2017\Projects\OnePointRT\OnePoint.Documentation\Help\Working\Output\Markdown\media\pubinterface.gif
C:\Program Files (x86)\EWSoftware\Sandcastle Help File Builder\PresentationStyles\Markdown\media\pubmethod.gif -&gt; C:\Users\Doug\Documents\Visual Studio 2017\Projects\OnePointRT\OnePoint.Documentation\Help\Working\Output\Markdown\media\pubmethod.gif
C:\Program Files (x86)\EWSoftware\Sandcastle Help File Builder\PresentationStyles\Markdown\media\puboperator.gif -&gt; C:\Users\Doug\Documents\Visual Studio 2017\Projects\OnePointRT\OnePoint.Documentation\Help\Working\Output\Markdown\media\puboperator.gif
C:\Program Files (x86)\EWSoftware\Sandcastle Help File Builder\PresentationStyles\Markdown\media\pubproperty.gif -&gt; C:\Users\Doug\Documents\Visual Studio 2017\Projects\OnePointRT\OnePoint.Documentation\Help\Working\Output\Markdown\media\pubproperty.gif
C:\Program Files (x86)\EWSoftware\Sandcastle Help File Builder\PresentationStyles\Markdown\media\pubstructure.gif -&gt; C:\Users\Doug\Documents\Visual Studio 2017\Projects\OnePointRT\OnePoint.Documentation\Help\Working\Output\Markdown\media\pubstructure.gif
C:\Program Files (x86)\EWSoftware\Sandcastle Help File Builder\PresentationStyles\Markdown\media\slMobile.gif -&gt; C:\Users\Doug\Documents\Visual Studio 2017\Projects\OnePointRT\OnePoint.Documentation\Help\Working\Output\Markdown\media\slMobile.gif
C:\Program Files (x86)\EWSoftware\Sandcastle Help File Builder\PresentationStyles\Markdown\media\static.gif -&gt; C:\Users\Doug\Documents\Visual Studio 2017\Projects\OnePointRT\OnePoint.Documentation\Help\Working\Output\Markdown\media\static.gif
C:\Program Files (x86)\EWSoftware\Sandcastle Help File Builder\PresentationStyles\Markdown\media\xna.gif -&gt; C:\Users\Doug\Documents\Visual Studio 2017\Projects\OnePointRT\OnePoint.Documentation\Help\Working\Output\Markdown\media\xna.gif
C:\Program Files (x86)\EWSoftware\Sandcastle Help File Builder\PresentationStyles\Markdown\MarkdownContent\_Footer.md -&gt; C:\Users\Doug\Documents\Visual Studio 2017\Projects\OnePointRT\OnePoint.Documentation\Help\Working\Output\Markdown\_Footer.md
    Last step completed in 00:00:00.4794
</buildStep>
<buildStep step="GenerateHelpFormatTableOfContents">
Executing informational Generate Table of Contents build step for plug-ins (not used for Markdown)
    Last step completed in 00:00:00.0010
</buildStep>
<buildStep step="GenerateHelpProject">
Executing informational Generate Help Project build step for plug-ins (not used for Markdown)
    Last step completed in 00:00:00.0010
</buildStep>
<buildStep step="CompilingHelpFile">
Generating markdown content...
[C:\Program Files (x86)\Microsoft Visual Studio\2017\Community\MSBuild\15.0\Bin\MSBuild.exe - GenerateMarkdownContent.proj]
  500 topics generated
  Finished generating 690 topics
  Copying content to output folder...
  Copied 500 files
  Finished copying 734 files
    Last step completed in 00:00:07.5888
</buildStep>
<buildStep step="CleanIntermediates">
Removing intermediate files...
    Last step completed in 00:00:00.5666
</buildStep>
<buildStep step="Completed">

Build completed successfully at 04/12/2017 15:06:07.  Total time: 00:00:29.3197

</buildStep>
</shfbBuild>
